[INFO] 03:58:26:999 MemoriaHQ/(16042:16042): reservando memoria ...
[INFO] 03:58:28:010 MemoriaHQ/(16042:16042): Se crea la tabla de paginas de la memoria principal
[INFO] 03:58:28:010 MemoriaHQ/(16042:16042): Se reserva 256 bytes de espacio de memoria
[INFO] 03:58:35:130 MemoriaHQ/(16042:16067): Se crea estructura PCB: id: 1 , puntero_tareas: -1239415424
[INFO] 03:58:35:135 MemoriaHQ/(16042:16067): Se crea la talba de paginas para el proceso 1
[INFO] 03:58:35:135 MemoriaHQ/(16042:16067): Verfificar espacion deisponible para almacenar 8 bytes
[INFO] 03:58:35:135 MemoriaHQ/(16042:16067): Hay suficientes paginas para guardar el elemento
[INFO] 03:58:35:139 MemoriaHQ/(16042:16067): Se encuentra frame libre nro: 0
[INFO] 03:58:35:149 MemoriaHQ/(16042:16067): Se guardo en memoria el frame 0
[INFO] 03:58:35:149 MemoriaHQ/(16042:16067): Se inicia el registro de la tarea GENERAR_COMIDA 4;2;3;1|GENERAR_BASURA 12;2;3;5|DESCARTAR_BASURA 3;1;7;5|CONSUMIR_OXIGENO 120;2;3;1 de PID 1
[INFO] 03:58:35:150 MemoriaHQ/(16042:16067): Verfificar espacion deisponible para almacenar 99 bytes
[INFO] 03:58:35:150 MemoriaHQ/(16042:16067): Hay suficientes paginas para guardar el elemento
[INFO] 03:58:35:150 MemoriaHQ/(16042:16067): Se encuentra frame libre nro: 1
[INFO] 03:58:35:160 MemoriaHQ/(16042:16067): Se guardo en memoria el frame 1
[INFO] 03:58:35:160 MemoriaHQ/(16042:16067): Se encuentra frame libre nro: 2
[INFO] 03:58:35:171 MemoriaHQ/(16042:16067): Se guardo en memoria el frame 2
[INFO] 03:58:35:171 MemoriaHQ/(16042:16067): Se encuentra frame libre nro: 3
[INFO] 03:58:35:182 MemoriaHQ/(16042:16067): Se guardo en memoria el frame 3
[INFO] 03:58:35:182 MemoriaHQ/(16042:16067): Se encuentra frame libre nro: 4
[INFO] 03:58:35:193 MemoriaHQ/(16042:16067): Se guardo en memoria el frame 4
[INFO] 03:58:35:193 MemoriaHQ/(16042:16067): Se encuentra frame libre nro: 5
[INFO] 03:58:35:205 MemoriaHQ/(16042:16067): Se guardo en memoria el frame 5
[INFO] 03:58:35:205 MemoriaHQ/(16042:16067): Se encuentra frame libre nro: 6
[INFO] 03:58:35:215 MemoriaHQ/(16042:16067): Se guardo en memoria el frame 6
[INFO] 03:58:35:216 MemoriaHQ/(16042:16067): Se encuentra frame libre nro: 7
[INFO] 03:58:35:226 MemoriaHQ/(16042:16067): Se guardo en memoria el frame 7
[INFO] 03:58:35:226 MemoriaHQ/(16042:16067): Se encuentra frame libre nro: 8
[INFO] 03:58:35:238 MemoriaHQ/(16042:16067): Se guardo en memoria el frame 8
[INFO] 03:58:35:239 MemoriaHQ/(16042:16067): Se encuentra frame libre nro: 9
[INFO] 03:58:35:249 MemoriaHQ/(16042:16067): Se guardo en memoria el frame 9
[INFO] 03:58:35:249 MemoriaHQ/(16042:16067): Se encuentra frame libre nro: 10
[INFO] 03:58:35:259 MemoriaHQ/(16042:16067): Se guardo en memoria el frame 10
[INFO] 03:58:35:259 MemoriaHQ/(16042:16067): Se encuentra frame libre nro: 11
[INFO] 03:58:35:270 MemoriaHQ/(16042:16067): Se guardo en memoria el frame 11
[INFO] 03:58:35:271 MemoriaHQ/(16042:16067): Se encuentra frame libre nro: 12
[INFO] 03:58:35:281 MemoriaHQ/(16042:16067): Se guardo en memoria el frame 12
[INFO] 03:58:35:281 MemoriaHQ/(16042:16067): Se encuentra frame libre nro: 13
[INFO] 03:58:35:291 MemoriaHQ/(16042:16067): Se guardo en memoria el frame 13
[INFO] 03:58:44:766 MemoriaHQ/(16042:16097): Se crea estructura PCB: id: 2 , puntero_tareas: -1239412624
[INFO] 03:58:44:772 MemoriaHQ/(16042:16097): Se crea la talba de paginas para el proceso 2
[INFO] 03:58:44:772 MemoriaHQ/(16042:16097): Verfificar espacion deisponible para almacenar 8 bytes
[INFO] 03:58:44:772 MemoriaHQ/(16042:16097): Hay suficientes paginas para guardar el elemento
[INFO] 03:58:44:772 MemoriaHQ/(16042:16097): Se encuentra frame libre nro: 14
[INFO] 03:58:44:782 MemoriaHQ/(16042:16097): Se guardo en memoria el frame 14
[INFO] 03:58:44:783 MemoriaHQ/(16042:16097): Se inicia el registro de la tarea GENERAR_COMIDA 4;2;3;1|GENERAR_BASURA 12;2;3;5|DESCARTAR_BASURA 3;1;7;5|CONSUMIR_OXIGENO 120;2;3;1 de PID 2
[INFO] 03:58:44:783 MemoriaHQ/(16042:16097): Verfificar espacion deisponible para almacenar 99 bytes
[INFO] 03:58:44:783 MemoriaHQ/(16042:16097): Hay suficientes paginas para guardar el elemento
[INFO] 03:58:44:783 MemoriaHQ/(16042:16097): Se encuentra frame libre nro: 15
[INFO] 03:58:44:794 MemoriaHQ/(16042:16097): Se guardo en memoria el frame 15
[INFO] 03:58:44:794 MemoriaHQ/(16042:16097): Se encuentra frame libre nro: 16
[INFO] 03:58:44:805 MemoriaHQ/(16042:16097): Se guardo en memoria el frame 16
[INFO] 03:58:44:805 MemoriaHQ/(16042:16097): Se encuentra frame libre nro: 17
[INFO] 03:58:44:816 MemoriaHQ/(16042:16097): Se guardo en memoria el frame 17
[INFO] 03:58:44:817 MemoriaHQ/(16042:16097): Se encuentra frame libre nro: 18
[INFO] 03:58:44:827 MemoriaHQ/(16042:16097): Se guardo en memoria el frame 18
[INFO] 03:58:44:828 MemoriaHQ/(16042:16097): Se encuentra frame libre nro: 19
[INFO] 03:58:44:838 MemoriaHQ/(16042:16097): Se guardo en memoria el frame 19
[INFO] 03:58:44:838 MemoriaHQ/(16042:16097): Se encuentra frame libre nro: 20
[INFO] 03:58:44:849 MemoriaHQ/(16042:16097): Se guardo en memoria el frame 20
[INFO] 03:58:44:849 MemoriaHQ/(16042:16097): Se encuentra frame libre nro: 21
[INFO] 03:58:44:861 MemoriaHQ/(16042:16097): Se guardo en memoria el frame 21
[INFO] 03:58:44:861 MemoriaHQ/(16042:16097): Se encuentra frame libre nro: 22
[INFO] 03:58:44:871 MemoriaHQ/(16042:16097): Se guardo en memoria el frame 22
[INFO] 03:58:44:872 MemoriaHQ/(16042:16097): Se encuentra frame libre nro: 23
[INFO] 03:58:44:883 MemoriaHQ/(16042:16097): Se guardo en memoria el frame 23
[INFO] 03:58:44:883 MemoriaHQ/(16042:16097): Se encuentra frame libre nro: 24
[INFO] 03:58:44:893 MemoriaHQ/(16042:16097): Se guardo en memoria el frame 24
[INFO] 03:58:44:893 MemoriaHQ/(16042:16097): Se encuentra frame libre nro: 25
[INFO] 03:58:44:904 MemoriaHQ/(16042:16097): Se guardo en memoria el frame 25
[INFO] 03:58:44:904 MemoriaHQ/(16042:16097): Se encuentra frame libre nro: 26
[INFO] 03:58:44:914 MemoriaHQ/(16042:16097): Se guardo en memoria el frame 26
[INFO] 03:58:44:914 MemoriaHQ/(16042:16097): Se encuentra frame libre nro: 27
[INFO] 03:58:44:925 MemoriaHQ/(16042:16097): Se guardo en memoria el frame 27
[INFO] 03:58:54:513 MemoriaHQ/(16042:16129): Se crea estructura PCB: id: 8 , puntero_tareas: -1239409976
[INFO] 03:58:54:520 MemoriaHQ/(16042:16129): Se crea la talba de paginas para el proceso 8
[INFO] 03:58:54:520 MemoriaHQ/(16042:16129): Verfificar espacion deisponible para almacenar 8 bytes
[INFO] 03:58:54:520 MemoriaHQ/(16042:16129): Hay suficientes paginas para guardar el elemento
[INFO] 03:58:54:520 MemoriaHQ/(16042:16129): Se encuentra frame libre nro: 28
[INFO] 03:58:54:531 MemoriaHQ/(16042:16129): Se guardo en memoria el frame 28
[INFO] 03:58:54:531 MemoriaHQ/(16042:16129): Se inicia el registro de la tarea GENERAR_COMIDA 4;2;3;1|GENERAR_BASURA 12;2;3;5 de PID 8
[INFO] 03:58:54:531 MemoriaHQ/(16042:16129): Verfificar espacion deisponible para almacenar 47 bytes
[INFO] 03:58:54:531 MemoriaHQ/(16042:16129): No Hay suficientes paginas para guardar el elemento, faltan 2 paginas
[INFO] 03:58:54:532 MemoriaHQ/(16042:16129): Se guardo el frame 0 de MP al frame 0 de MS
[INFO] 03:58:54:532 MemoriaHQ/(16042:16129): Se guardo el frame 1 de MP al frame 1 de MS
[INFO] 03:58:54:532 MemoriaHQ/(16042:16129): Se encuentra frame libre nro: 0
[INFO] 03:58:54:542 MemoriaHQ/(16042:16129): Se guardo en memoria el frame 0
[INFO] 03:58:54:543 MemoriaHQ/(16042:16129): Se encuentra frame libre nro: 1
[INFO] 03:58:54:553 MemoriaHQ/(16042:16129): Se guardo en memoria el frame 1
[INFO] 03:58:54:553 MemoriaHQ/(16042:16129): Se encuentra frame libre nro: 29
[INFO] 03:58:54:564 MemoriaHQ/(16042:16129): Se guardo en memoria el frame 29
[INFO] 03:58:54:564 MemoriaHQ/(16042:16129): Se encuentra frame libre nro: 30
[INFO] 03:58:54:574 MemoriaHQ/(16042:16129): Se guardo en memoria el frame 30
[INFO] 03:58:54:574 MemoriaHQ/(16042:16129): Se encuentra frame libre nro: 31
[INFO] 03:58:54:585 MemoriaHQ/(16042:16129): Se guardo en memoria el frame 31
[INFO] 17:31:56:691 MemoriaHQ/(8494:8494): reservando memoria ...
[INFO] 17:31:58:192 MemoriaHQ/(8494:8494): Se crea la tabla de paginas de la memoria principal
[INFO] 17:31:58:197 MemoriaHQ/(8494:8494): Se reserva 256 bytes de espacio de memoria
[INFO] 17:34:02:617 MemoriaHQ/(8542:8542): reservando memoria ...
[INFO] 17:34:04:699 MemoriaHQ/(8542:8542): Se crea la tabla de paginas de la memoria principal
[INFO] 17:34:04:714 MemoriaHQ/(8542:8542): Se reserva 256 bytes de espacio de memoria
[INFO] 17:35:36:494 MemoriaHQ/(8608:8608): reservando memoria ...
[INFO] 17:35:37:964 MemoriaHQ/(8608:8608): Se crea la tabla de paginas de la memoria principal
[INFO] 17:35:37:969 MemoriaHQ/(8608:8608): Se reserva 256 bytes de espacio de memoria
[INFO] 17:36:05:477 MemoriaHQ/(8608:8621): Se crea estructura PCB: id: 1 , puntero_tareas: 69582464
[INFO] 17:36:05:497 MemoriaHQ/(8608:8621): Se crea la talba de paginas para el proceso 1
[INFO] 17:36:05:509 MemoriaHQ/(8608:8621): Verificar espacio disponible para almacenar 8 bytes
[INFO] 17:36:05:576 MemoriaHQ/(8608:8621): Hay suficientes paginas para guardar el elemento
[INFO] 17:36:05:581 MemoriaHQ/(8608:8621): Se encuentra frame libre nro: 0
[INFO] 17:36:05:639 MemoriaHQ/(8608:8621): Se guardo en memoria el frame 0 ,offset 0 , tamanio 8
[INFO] 17:36:05:765 MemoriaHQ/(8608:8621): Se inicia el registro de la tarea LANZAR_GRANADAS 0;1;1;1|MATAR_ESPARTANOS 0;5;5;20|CONTEMPLAR_A_LOS_GRIEGOS 0;9;9;1 de PID 1
[INFO] 17:36:05:826 MemoriaHQ/(8608:8621): Verificar espacio disponible para almacenar 83 bytes
[INFO] 17:36:05:835 MemoriaHQ/(8608:8621): Hay suficientes paginas para guardar el elemento
[INFO] 17:36:05:858 MemoriaHQ/(8608:8621): Se encuentra frame libre nro: 1
[INFO] 17:36:05:878 MemoriaHQ/(8608:8621): Se guardo en memoria el frame 1 ,offset 8 , tamanio 83
[INFO] 17:36:05:895 MemoriaHQ/(8608:8621): Se encuentra frame libre nro: 2
[INFO] 17:36:05:900 MemoriaHQ/(8608:8621): Se guardo en memoria el frame 2 ,offset 8 , tamanio 75
[INFO] 17:36:05:921 MemoriaHQ/(8608:8621): Se encuentra frame libre nro: 3
[INFO] 17:36:05:923 MemoriaHQ/(8608:8621): Se guardo en memoria el frame 3 ,offset 8 , tamanio 67
[INFO] 17:36:05:941 MemoriaHQ/(8608:8621): Se encuentra frame libre nro: 4
[INFO] 17:36:05:944 MemoriaHQ/(8608:8621): Se guardo en memoria el frame 4 ,offset 8 , tamanio 59
[INFO] 17:36:05:957 MemoriaHQ/(8608:8621): Se encuentra frame libre nro: 5
[INFO] 17:36:05:958 MemoriaHQ/(8608:8621): Se guardo en memoria el frame 5 ,offset 8 , tamanio 51
[INFO] 17:36:05:976 MemoriaHQ/(8608:8621): Se encuentra frame libre nro: 6
[INFO] 17:36:05:986 MemoriaHQ/(8608:8621): Se guardo en memoria el frame 6 ,offset 8 , tamanio 43
[INFO] 17:36:06:051 MemoriaHQ/(8608:8621): Se encuentra frame libre nro: 7
[INFO] 17:36:06:057 MemoriaHQ/(8608:8621): Se guardo en memoria el frame 7 ,offset 8 , tamanio 35
[INFO] 17:36:06:080 MemoriaHQ/(8608:8621): Se encuentra frame libre nro: 8
[INFO] 17:36:06:083 MemoriaHQ/(8608:8621): Se guardo en memoria el frame 8 ,offset 8 , tamanio 27
[INFO] 17:36:06:121 MemoriaHQ/(8608:8621): Se encuentra frame libre nro: 9
[INFO] 17:36:06:136 MemoriaHQ/(8608:8621): Se guardo en memoria el frame 9 ,offset 8 , tamanio 19
[INFO] 17:36:06:181 MemoriaHQ/(8608:8621): Se encuentra frame libre nro: 10
[INFO] 17:36:06:197 MemoriaHQ/(8608:8621): Se guardo en memoria el frame 10 ,offset 8 , tamanio 11
[INFO] 17:36:06:217 MemoriaHQ/(8608:8621): Se encuentra frame libre nro: 11
[INFO] 17:36:06:218 MemoriaHQ/(8608:8621): Se guardo en memoria el frame 11 ,offset 88 , tamanio 3
[INFO] 17:44:38:176 MemoriaHQ/(8886:8886): reservando memoria ...
[INFO] 17:44:40:145 MemoriaHQ/(8886:8886): Se crea la tabla de paginas de la memoria principal
[INFO] 17:44:40:159 MemoriaHQ/(8886:8886): Se reserva 256 bytes de espacio de memoria
[INFO] 17:45:00:648 MemoriaHQ/(8886:8901): Se crea estructura PCB: id: 1 , puntero_tareas: 69582464
[INFO] 17:45:00:671 MemoriaHQ/(8886:8901): Se crea la talba de paginas para el proceso 1
[INFO] 17:45:00:680 MemoriaHQ/(8886:8901): Verificar espacio disponible para almacenar 8 bytes
[INFO] 17:45:00:706 MemoriaHQ/(8886:8901): Hay suficientes paginas para guardar el elemento
[INFO] 17:45:00:718 MemoriaHQ/(8886:8901): Se encuentra frame libre nro: 0
[INFO] 17:45:00:749 MemoriaHQ/(8886:8901): Se guardo en memoria el frame 0 ,offset 0 , tamanio 8
[INFO] 17:45:00:780 MemoriaHQ/(8886:8901): Se inicia el registro de la tarea LANZAR_GRANADAS 0;1;1;1|MATAR_ESPARTANOS 0;5;5;20|CONTEMPLAR_A_LOS_GRIEGOS 0;9;9;1 de PID 1
[INFO] 17:45:00:831 MemoriaHQ/(8886:8901): Verificar espacio disponible para almacenar 83 bytes
[INFO] 17:45:00:845 MemoriaHQ/(8886:8901): Hay suficientes paginas para guardar el elemento
[INFO] 17:45:00:849 MemoriaHQ/(8886:8901): Se encuentra frame libre nro: 1
[INFO] 17:45:00:857 MemoriaHQ/(8886:8901): Se guardo en memoria el frame 1 ,offset 8 , tamanio 83
[INFO] 17:45:00:894 MemoriaHQ/(8886:8901): Se encuentra frame libre nro: 2
[INFO] 17:45:00:901 MemoriaHQ/(8886:8901): Se guardo en memoria el frame 2 ,offset 8 , tamanio 75
[INFO] 17:45:00:924 MemoriaHQ/(8886:8901): Se encuentra frame libre nro: 3
[INFO] 17:45:00:925 MemoriaHQ/(8886:8901): Se guardo en memoria el frame 3 ,offset 8 , tamanio 67
[INFO] 17:45:00:942 MemoriaHQ/(8886:8901): Se encuentra frame libre nro: 4
[INFO] 17:45:00:943 MemoriaHQ/(8886:8901): Se guardo en memoria el frame 4 ,offset 8 , tamanio 59
[INFO] 17:45:00:965 MemoriaHQ/(8886:8901): Se encuentra frame libre nro: 5
[INFO] 17:45:00:974 MemoriaHQ/(8886:8901): Se guardo en memoria el frame 5 ,offset 8 , tamanio 51
[INFO] 17:45:01:021 MemoriaHQ/(8886:8901): Se encuentra frame libre nro: 6
[INFO] 17:45:01:033 MemoriaHQ/(8886:8901): Se guardo en memoria el frame 6 ,offset 8 , tamanio 43
[INFO] 17:45:01:058 MemoriaHQ/(8886:8901): Se encuentra frame libre nro: 7
[INFO] 17:45:01:061 MemoriaHQ/(8886:8901): Se guardo en memoria el frame 7 ,offset 8 , tamanio 35
[INFO] 17:45:01:090 MemoriaHQ/(8886:8901): Se encuentra frame libre nro: 8
[INFO] 17:45:01:091 MemoriaHQ/(8886:8901): Se guardo en memoria el frame 8 ,offset 8 , tamanio 27
[INFO] 17:45:01:114 MemoriaHQ/(8886:8901): Se encuentra frame libre nro: 9
[INFO] 17:45:01:115 MemoriaHQ/(8886:8901): Se guardo en memoria el frame 9 ,offset 8 , tamanio 19
[INFO] 17:45:01:132 MemoriaHQ/(8886:8901): Se encuentra frame libre nro: 10
[INFO] 17:45:01:134 MemoriaHQ/(8886:8901): Se guardo en memoria el frame 10 ,offset 8 , tamanio 11
[INFO] 17:45:01:150 MemoriaHQ/(8886:8901): Se encuentra frame libre nro: 11
[INFO] 17:45:01:153 MemoriaHQ/(8886:8901): Se guardo en memoria el frame 11 ,offset 88 , tamanio 3
[INFO] 17:49:05:180 MemoriaHQ/(9031:9031): reservando memoria ...
[INFO] 17:49:06:907 MemoriaHQ/(9031:9031): Se crea la tabla de paginas de la memoria principal
[INFO] 17:49:06:913 MemoriaHQ/(9031:9031): Se reserva 256 bytes de espacio de memoria
[INFO] 17:50:31:211 MemoriaHQ/(9059:9059): reservando memoria ...
[INFO] 17:50:32:773 MemoriaHQ/(9059:9059): Se crea la tabla de paginas de la memoria principal
[INFO] 17:50:32:831 MemoriaHQ/(9059:9059): Se reserva 256 bytes de espacio de memoria
[INFO] 17:50:51:503 MemoriaHQ/(9059:9067): Se crea estructura PCB: id: 1 , puntero_tareas: 69582464
[INFO] 17:50:51:511 MemoriaHQ/(9059:9067): Se crea la talba de paginas para el proceso 1
[INFO] 17:50:51:535 MemoriaHQ/(9059:9067): Verificar espacio disponible para almacenar 8 bytes
[INFO] 17:50:51:561 MemoriaHQ/(9059:9067): Hay suficientes paginas para guardar el elemento
[INFO] 17:50:51:574 MemoriaHQ/(9059:9067): Se encuentra frame libre nro: 0
[INFO] 17:50:51:626 MemoriaHQ/(9059:9067): Se guardo en memoria el frame 0 ,offset 0 , tamanio 8
[INFO] 17:50:51:694 MemoriaHQ/(9059:9067): Se inicia el registro de la tarea LANZAR_GRANADAS 0;1;1;1|MATAR_ESPARTANOS 0;5;5;20|CONTEMPLAR_A_LOS_GRIEGOS 0;9;9;1 de PID 1
[INFO] 17:50:51:754 MemoriaHQ/(9059:9067): Verificar espacio disponible para almacenar 83 bytes
[INFO] 17:50:51:771 MemoriaHQ/(9059:9067): Hay suficientes paginas para guardar el elemento
[INFO] 17:50:51:790 MemoriaHQ/(9059:9067): Se encuentra frame libre nro: 1
[INFO] 17:50:51:809 MemoriaHQ/(9059:9067): Se guardo en memoria el frame 1 ,offset 8 , tamanio 83
[INFO] 17:50:51:826 MemoriaHQ/(9059:9067): Se encuentra frame libre nro: 2
[INFO] 17:50:51:828 MemoriaHQ/(9059:9067): Se guardo en memoria el frame 2 ,offset 8 , tamanio 75
[INFO] 17:50:51:883 MemoriaHQ/(9059:9067): Se encuentra frame libre nro: 3
[INFO] 17:50:51:884 MemoriaHQ/(9059:9067): Se guardo en memoria el frame 3 ,offset 8 , tamanio 67
[INFO] 17:50:51:909 MemoriaHQ/(9059:9067): Se encuentra frame libre nro: 4
[INFO] 17:50:51:914 MemoriaHQ/(9059:9067): Se guardo en memoria el frame 4 ,offset 8 , tamanio 59
[INFO] 17:50:51:940 MemoriaHQ/(9059:9067): Se encuentra frame libre nro: 5
[INFO] 17:50:51:955 MemoriaHQ/(9059:9067): Se guardo en memoria el frame 5 ,offset 8 , tamanio 51
[INFO] 17:50:51:975 MemoriaHQ/(9059:9067): Se encuentra frame libre nro: 6
[INFO] 17:50:51:976 MemoriaHQ/(9059:9067): Se guardo en memoria el frame 6 ,offset 8 , tamanio 43
[INFO] 17:50:51:993 MemoriaHQ/(9059:9067): Se encuentra frame libre nro: 7
[INFO] 17:50:51:994 MemoriaHQ/(9059:9067): Se guardo en memoria el frame 7 ,offset 8 , tamanio 35
[INFO] 17:50:52:010 MemoriaHQ/(9059:9067): Se encuentra frame libre nro: 8
[INFO] 17:50:52:013 MemoriaHQ/(9059:9067): Se guardo en memoria el frame 8 ,offset 8 , tamanio 27
[INFO] 17:50:52:044 MemoriaHQ/(9059:9067): Se encuentra frame libre nro: 9
[INFO] 17:50:52:049 MemoriaHQ/(9059:9067): Se guardo en memoria el frame 9 ,offset 8 , tamanio 19
[INFO] 17:50:52:065 MemoriaHQ/(9059:9067): Se encuentra frame libre nro: 10
[INFO] 17:50:52:085 MemoriaHQ/(9059:9067): Se guardo en memoria el frame 10 ,offset 8 , tamanio 11
[INFO] 17:50:52:106 MemoriaHQ/(9059:9067): Se encuentra frame libre nro: 11
[INFO] 17:50:52:110 MemoriaHQ/(9059:9067): Se guardo en memoria el frame 11 ,offset 88 , tamanio 3
[INFO] 17:50:52:164 MemoriaHQ/(9059:9067): Se crea nuevo TCB: id: 1 , pos_x: 2 , pos_y: 3
[INFO] 17:50:52:183 MemoriaHQ/(9059:9067): Se inicia el registro de tripulante 1 con PID 1
[INFO] 17:50:52:195 MemoriaHQ/(9059:9067): Verificar espacio disponible para almacenar 24 bytes
[INFO] 17:50:52:201 MemoriaHQ/(9059:9067): Hay suficientes paginas para guardar el elemento
[INFO] 17:50:52:213 MemoriaHQ/(9059:9067): Se encuentra frame libre nro: 12
[INFO] 17:50:52:221 MemoriaHQ/(9059:9067): Se guardo en memoria el frame 12 ,offset 8 , tamanio 24
[INFO] 17:50:52:234 MemoriaHQ/(9059:9067): Se encuentra frame libre nro: 13
[INFO] 17:50:52:245 MemoriaHQ/(9059:9067): Se guardo en memoria el frame 13 ,offset 8 , tamanio 16
[INFO] 17:50:52:259 MemoriaHQ/(9059:9067): Se encuentra frame libre nro: 14
[INFO] 17:50:52:262 MemoriaHQ/(9059:9067): Se guardo en memoria el frame 14 ,offset 112 , tamanio 8
[INFO] 17:50:52:283 MemoriaHQ/(9059:9067): tripulante 1 registrado
[INFO] 17:50:52:291 MemoriaHQ/(9059:9067): Se crea nuevo TCB: id: 2 , pos_x: 0 , pos_y: 0
[INFO] 17:50:52:313 MemoriaHQ/(9059:9067): Se inicia el registro de tripulante 2 con PID 1
[INFO] 17:50:52:341 MemoriaHQ/(9059:9067): Verificar espacio disponible para almacenar 24 bytes
[INFO] 17:50:52:342 MemoriaHQ/(9059:9067): Hay suficientes paginas para guardar el elemento
[INFO] 17:50:52:349 MemoriaHQ/(9059:9067): Se encuentra frame libre nro: 15
[INFO] 17:50:52:354 MemoriaHQ/(9059:9067): Se guardo en memoria el frame 15 ,offset 8 , tamanio 24
[INFO] 17:50:52:371 MemoriaHQ/(9059:9067): Se encuentra frame libre nro: 16
[INFO] 17:50:52:383 MemoriaHQ/(9059:9067): Se guardo en memoria el frame 16 ,offset 8 , tamanio 16
[INFO] 17:50:52:402 MemoriaHQ/(9059:9067): Se encuentra frame libre nro: 17
[INFO] 17:50:52:404 MemoriaHQ/(9059:9067): Se guardo en memoria el frame 17 ,offset 136 , tamanio 8
[INFO] 17:50:52:421 MemoriaHQ/(9059:9067): tripulante 2 registrado
[INFO] 17:50:52:432 MemoriaHQ/(9059:9067): Se crea nuevo TCB: id: 3 , pos_x: 0 , pos_y: 0
[INFO] 17:50:52:444 MemoriaHQ/(9059:9067): Se inicia el registro de tripulante 3 con PID 1
[INFO] 17:50:52:450 MemoriaHQ/(9059:9067): Verificar espacio disponible para almacenar 24 bytes
[INFO] 17:50:52:485 MemoriaHQ/(9059:9067): Hay suficientes paginas para guardar el elemento
[INFO] 17:50:52:494 MemoriaHQ/(9059:9067): Se encuentra frame libre nro: 18
[INFO] 17:50:52:495 MemoriaHQ/(9059:9067): Se guardo en memoria el frame 18 ,offset 8 , tamanio 24
[INFO] 17:50:52:545 MemoriaHQ/(9059:9067): Se encuentra frame libre nro: 19
[INFO] 17:50:52:547 MemoriaHQ/(9059:9067): Se guardo en memoria el frame 19 ,offset 8 , tamanio 16
[INFO] 17:50:52:575 MemoriaHQ/(9059:9067): Se encuentra frame libre nro: 20
[INFO] 17:50:52:599 MemoriaHQ/(9059:9067): Se guardo en memoria el frame 20 ,offset 160 , tamanio 8
[INFO] 17:50:52:622 MemoriaHQ/(9059:9067): tripulante 3 registrado
[INFO] 17:51:47:263 MemoriaHQ/(9059:9076): Se crea estructura PCB: id: 2 , puntero_tareas: 69694680
[INFO] 17:51:47:264 MemoriaHQ/(9059:9076): Se crea la talba de paginas para el proceso 2
[INFO] 17:51:47:272 MemoriaHQ/(9059:9076): Verificar espacio disponible para almacenar 8 bytes
[INFO] 17:51:47:275 MemoriaHQ/(9059:9076): Hay suficientes paginas para guardar el elemento
[INFO] 17:51:47:280 MemoriaHQ/(9059:9076): Se encuentra frame libre nro: 21
[INFO] 17:51:47:287 MemoriaHQ/(9059:9076): Se guardo en memoria el frame 21 ,offset 168 , tamanio 8
[INFO] 17:51:47:307 MemoriaHQ/(9059:9076): Se inicia el registro de la tarea LANZAR_GRANADAS 0;1;1;1|MATAR_ESPARTANOS 0;5;5;20|CONTEMPLAR_A_LOS_GRIEGOS 0;9;9;1 de PID 2
[INFO] 17:51:47:315 MemoriaHQ/(9059:9076): Verificar espacio disponible para almacenar 83 bytes
[INFO] 17:51:47:322 MemoriaHQ/(9059:9076): Hay suficientes paginas para guardar el elemento
[INFO] 17:51:47:324 MemoriaHQ/(9059:9076): Se encuentra frame libre nro: 22
[INFO] 17:51:47:327 MemoriaHQ/(9059:9076): Se guardo en memoria el frame 22 ,offset 8 , tamanio 83
[INFO] 17:51:47:344 MemoriaHQ/(9059:9076): Se encuentra frame libre nro: 23
[INFO] 17:51:47:346 MemoriaHQ/(9059:9076): Se guardo en memoria el frame 23 ,offset 8 , tamanio 75
[INFO] 17:51:47:366 MemoriaHQ/(9059:9076): Se encuentra frame libre nro: 24
[INFO] 17:51:47:370 MemoriaHQ/(9059:9076): Se guardo en memoria el frame 24 ,offset 8 , tamanio 67
[INFO] 17:51:47:389 MemoriaHQ/(9059:9076): Se encuentra frame libre nro: 25
[INFO] 17:51:47:392 MemoriaHQ/(9059:9076): Se guardo en memoria el frame 25 ,offset 8 , tamanio 59
[INFO] 17:51:47:406 MemoriaHQ/(9059:9076): Se encuentra frame libre nro: 26
[INFO] 17:51:47:408 MemoriaHQ/(9059:9076): Se guardo en memoria el frame 26 ,offset 8 , tamanio 51
[INFO] 17:51:47:422 MemoriaHQ/(9059:9076): Se encuentra frame libre nro: 27
[INFO] 17:51:47:426 MemoriaHQ/(9059:9076): Se guardo en memoria el frame 27 ,offset 8 , tamanio 43
[INFO] 17:51:47:439 MemoriaHQ/(9059:9076): Se encuentra frame libre nro: 28
[INFO] 17:51:47:440 MemoriaHQ/(9059:9076): Se guardo en memoria el frame 28 ,offset 8 , tamanio 35
[INFO] 17:51:47:454 MemoriaHQ/(9059:9076): Se encuentra frame libre nro: 29
[INFO] 17:51:47:455 MemoriaHQ/(9059:9076): Se guardo en memoria el frame 29 ,offset 8 , tamanio 27
[INFO] 17:51:47:484 MemoriaHQ/(9059:9076): Se encuentra frame libre nro: 30
[INFO] 17:51:47:489 MemoriaHQ/(9059:9076): Se guardo en memoria el frame 30 ,offset 8 , tamanio 19
[INFO] 17:51:47:502 MemoriaHQ/(9059:9076): Se encuentra frame libre nro: 31
[INFO] 17:51:47:518 MemoriaHQ/(9059:9076): Se guardo en memoria el frame 31 ,offset 8 , tamanio 11
[INFO] 17:51:47:531 MemoriaHQ/(9059:9076): Se crea nuevo TCB: id: 4 , pos_x: 2 , pos_y: 2
[INFO] 17:51:47:533 MemoriaHQ/(9059:9076): Se inicia el registro de tripulante 4 con PID 2
[INFO] 17:51:47:536 MemoriaHQ/(9059:9076): Verificar espacio disponible para almacenar 24 bytes
[INFO] 17:51:47:537 MemoriaHQ/(9059:9076): No Hay suficientes paginas para guardar el elemento, faltan 3 paginas
[INFO] 17:51:47:567 MemoriaHQ/(9059:9076): Se encontro la pagina mas antigua: nro_frame 0
[INFO] 17:51:47:595 MemoriaHQ/(9059:9076): Se guardo el frame 0 de MP al frame 0 de MS
[INFO] 17:51:47:623 MemoriaHQ/(9059:9076): Se encontro la pagina mas antigua: nro_frame 1
[INFO] 17:51:47:642 MemoriaHQ/(9059:9076): Se guardo el frame 1 de MP al frame 1 de MS
[INFO] 17:51:47:670 MemoriaHQ/(9059:9076): Se encontro la pagina mas antigua: nro_frame 2
[INFO] 17:51:47:677 MemoriaHQ/(9059:9076): Se guardo el frame 2 de MP al frame 2 de MS
[INFO] 17:51:47:681 MemoriaHQ/(9059:9076): Se encuentra frame libre nro: 0
[INFO] 17:51:47:682 MemoriaHQ/(9059:9076): Se guardo en memoria el frame 0 ,offset 8 , tamanio 24
[INFO] 17:51:47:697 MemoriaHQ/(9059:9076): Se encuentra frame libre nro: 1
[INFO] 17:51:47:705 MemoriaHQ/(9059:9076): Se guardo en memoria el frame 1 ,offset 8 , tamanio 16
[INFO] 17:51:47:717 MemoriaHQ/(9059:9076): Se encuentra frame libre nro: 2
[INFO] 17:51:47:719 MemoriaHQ/(9059:9076): Se guardo en memoria el frame 2 ,offset 16 , tamanio 8
[INFO] 17:51:47:733 MemoriaHQ/(9059:9076): tripulante 4 registrado
[INFO] 17:51:47:738 MemoriaHQ/(9059:9076): Se crea nuevo TCB: id: 5 , pos_x: 0 , pos_y: 0
[INFO] 17:51:47:740 MemoriaHQ/(9059:9076): Se inicia el registro de tripulante 5 con PID 2
[INFO] 17:51:47:742 MemoriaHQ/(9059:9076): Verificar espacio disponible para almacenar 24 bytes
[INFO] 17:51:47:743 MemoriaHQ/(9059:9076): No Hay suficientes paginas para guardar el elemento, faltan 3 paginas
[INFO] 17:51:47:746 MemoriaHQ/(9059:9076): Se encontro la pagina mas antigua: nro_frame 3
[INFO] 17:51:47:749 MemoriaHQ/(9059:9076): Se guardo el frame 3 de MP al frame 3 de MS
[INFO] 17:51:47:753 MemoriaHQ/(9059:9076): Se encontro la pagina mas antigua: nro_frame 4
[INFO] 17:51:47:768 MemoriaHQ/(9059:9076): Se guardo el frame 4 de MP al frame 4 de MS
[INFO] 17:51:47:772 MemoriaHQ/(9059:9076): Se encontro la pagina mas antigua: nro_frame 5
[INFO] 17:51:47:774 MemoriaHQ/(9059:9076): Se guardo el frame 5 de MP al frame 5 de MS
[INFO] 17:51:47:776 MemoriaHQ/(9059:9076): Se encuentra frame libre nro: 3
[INFO] 17:51:47:778 MemoriaHQ/(9059:9076): Se guardo en memoria el frame 3 ,offset 8 , tamanio 24
[INFO] 17:51:47:795 MemoriaHQ/(9059:9076): Se encuentra frame libre nro: 4
[INFO] 17:51:47:797 MemoriaHQ/(9059:9076): Se guardo en memoria el frame 4 ,offset 8 , tamanio 16
[INFO] 17:51:47:810 MemoriaHQ/(9059:9076): Se encuentra frame libre nro: 5
[INFO] 17:51:47:811 MemoriaHQ/(9059:9076): Se guardo en memoria el frame 5 ,offset 40 , tamanio 8
[INFO] 17:51:47:824 MemoriaHQ/(9059:9076): tripulante 5 registrado
[INFO] 17:51:59:453 MemoriaHQ/(9059:9078): Se crea estructura PCB: id: 3 , puntero_tareas: 69801120
[INFO] 17:51:59:467 MemoriaHQ/(9059:9078): Se crea la talba de paginas para el proceso 3
[INFO] 17:51:59:470 MemoriaHQ/(9059:9078): Verificar espacio disponible para almacenar 8 bytes
[INFO] 17:51:59:473 MemoriaHQ/(9059:9078): No Hay suficientes paginas para guardar el elemento, faltan 1 paginas
[INFO] 17:51:59:502 MemoriaHQ/(9059:9078): Se encontro la pagina mas antigua: nro_frame 6
[INFO] 17:51:59:529 MemoriaHQ/(9059:9078): Se guardo el frame 6 de MP al frame 6 de MS
[INFO] 17:51:59:541 MemoriaHQ/(9059:9078): Se encuentra frame libre nro: 6
[INFO] 17:51:59:547 MemoriaHQ/(9059:9078): Se guardo en memoria el frame 6 ,offset 48 , tamanio 8
[INFO] 17:51:59:570 MemoriaHQ/(9059:9078): Se inicia el registro de la tarea LANZAR_GRANADAS 0;1;1;1|MATAR_ESPARTANOS 0;5;5;20|CONTEMPLAR_A_LOS_GRIEGOS 0;9;9;1 de PID 3
[INFO] 17:51:59:576 MemoriaHQ/(9059:9078): Verificar espacio disponible para almacenar 83 bytes
[INFO] 17:51:59:580 MemoriaHQ/(9059:9078): No Hay suficientes paginas para guardar el elemento, faltan 10 paginas
[INFO] 17:51:59:585 MemoriaHQ/(9059:9078): Se encontro la pagina mas antigua: nro_frame 7
[INFO] 17:51:59:588 MemoriaHQ/(9059:9078): Se guardo el frame 7 de MP al frame 7 de MS
[INFO] 17:51:59:590 MemoriaHQ/(9059:9078): Se encontro la pagina mas antigua: nro_frame 8
[INFO] 17:51:59:592 MemoriaHQ/(9059:9078): Se guardo el frame 8 de MP al frame 8 de MS
[INFO] 17:51:59:605 MemoriaHQ/(9059:9078): Se encontro la pagina mas antigua: nro_frame 9
[INFO] 17:51:59:608 MemoriaHQ/(9059:9078): Se guardo el frame 9 de MP al frame 9 de MS
[INFO] 17:51:59:610 MemoriaHQ/(9059:9078): Se encontro la pagina mas antigua: nro_frame 10
[INFO] 17:51:59:613 MemoriaHQ/(9059:9078): Se guardo el frame 10 de MP al frame 10 de MS
[INFO] 17:51:59:615 MemoriaHQ/(9059:9078): Se encontro la pagina mas antigua: nro_frame 11
[INFO] 17:51:59:618 MemoriaHQ/(9059:9078): Se guardo el frame 11 de MP al frame 11 de MS
[INFO] 17:51:59:637 MemoriaHQ/(9059:9078): Se encontro la pagina mas antigua: nro_frame 12
[INFO] 17:51:59:648 MemoriaHQ/(9059:9078): Se guardo el frame 12 de MP al frame 12 de MS
[INFO] 17:51:59:665 MemoriaHQ/(9059:9078): Se encontro la pagina mas antigua: nro_frame 13
[INFO] 17:51:59:668 MemoriaHQ/(9059:9078): Se guardo el frame 13 de MP al frame 13 de MS
[INFO] 17:51:59:677 MemoriaHQ/(9059:9078): Se encontro la pagina mas antigua: nro_frame 14
[INFO] 17:51:59:682 MemoriaHQ/(9059:9078): Se guardo el frame 14 de MP al frame 14 de MS
[INFO] 17:51:59:706 MemoriaHQ/(9059:9078): Se encontro la pagina mas antigua: nro_frame 15
[INFO] 17:51:59:711 MemoriaHQ/(9059:9078): Se guardo el frame 15 de MP al frame 15 de MS
[INFO] 17:51:59:738 MemoriaHQ/(9059:9078): Se encontro la pagina mas antigua: nro_frame 16
[INFO] 17:51:59:742 MemoriaHQ/(9059:9078): Se guardo el frame 16 de MP al frame 16 de MS
[INFO] 17:51:59:755 MemoriaHQ/(9059:9078): Se encuentra frame libre nro: 7
[INFO] 17:51:59:757 MemoriaHQ/(9059:9078): Se guardo en memoria el frame 7 ,offset 8 , tamanio 83
[INFO] 17:51:59:788 MemoriaHQ/(9059:9078): Se encuentra frame libre nro: 8
[INFO] 17:51:59:801 MemoriaHQ/(9059:9078): Se guardo en memoria el frame 8 ,offset 8 , tamanio 75
[INFO] 17:51:59:820 MemoriaHQ/(9059:9078): Se encuentra frame libre nro: 9
[INFO] 17:51:59:822 MemoriaHQ/(9059:9078): Se guardo en memoria el frame 9 ,offset 8 , tamanio 67
[INFO] 17:51:59:840 MemoriaHQ/(9059:9078): Se encuentra frame libre nro: 10
[INFO] 17:51:59:853 MemoriaHQ/(9059:9078): Se guardo en memoria el frame 10 ,offset 8 , tamanio 59
[INFO] 17:51:59:873 MemoriaHQ/(9059:9078): Se encuentra frame libre nro: 11
[INFO] 17:51:59:874 MemoriaHQ/(9059:9078): Se guardo en memoria el frame 11 ,offset 8 , tamanio 51
[INFO] 17:51:59:887 MemoriaHQ/(9059:9078): Se encuentra frame libre nro: 12
[INFO] 17:51:59:897 MemoriaHQ/(9059:9078): Se guardo en memoria el frame 12 ,offset 8 , tamanio 43
[INFO] 17:51:59:911 MemoriaHQ/(9059:9078): Se encuentra frame libre nro: 13
[INFO] 17:51:59:917 MemoriaHQ/(9059:9078): Se guardo en memoria el frame 13 ,offset 8 , tamanio 35
[INFO] 17:51:59:932 MemoriaHQ/(9059:9078): Se encuentra frame libre nro: 14
[INFO] 17:51:59:937 MemoriaHQ/(9059:9078): Se guardo en memoria el frame 14 ,offset 8 , tamanio 27
[INFO] 17:51:59:950 MemoriaHQ/(9059:9078): Se encuentra frame libre nro: 15
[INFO] 17:51:59:968 MemoriaHQ/(9059:9078): Se guardo en memoria el frame 15 ,offset 8 , tamanio 19
[INFO] 17:52:00:016 MemoriaHQ/(9059:9078): Se encuentra frame libre nro: 16
[INFO] 17:52:00:019 MemoriaHQ/(9059:9078): Se guardo en memoria el frame 16 ,offset 8 , tamanio 11
[INFO] 17:52:00:035 MemoriaHQ/(9059:9078): Se crea nuevo TCB: id: 6 , pos_x: 2 , pos_y: 5
[INFO] 17:52:00:040 MemoriaHQ/(9059:9078): Se inicia el registro de tripulante 6 con PID 3
[INFO] 17:52:00:044 MemoriaHQ/(9059:9078): Verificar espacio disponible para almacenar 24 bytes
[INFO] 17:52:00:046 MemoriaHQ/(9059:9078): No Hay suficientes paginas para guardar el elemento, faltan 3 paginas
[INFO] 17:52:00:048 MemoriaHQ/(9059:9078): Se encontro la pagina mas antigua: nro_frame 17
[INFO] 17:52:00:052 MemoriaHQ/(9059:9078): Se guardo el frame 17 de MP al frame 17 de MS
[INFO] 17:52:00:054 MemoriaHQ/(9059:9078): Se encontro la pagina mas antigua: nro_frame 18
[INFO] 17:52:00:069 MemoriaHQ/(9059:9078): Se guardo el frame 18 de MP al frame 18 de MS
[INFO] 17:52:00:071 MemoriaHQ/(9059:9078): Se encontro la pagina mas antigua: nro_frame 19
[INFO] 17:52:00:075 MemoriaHQ/(9059:9078): Se guardo el frame 19 de MP al frame 19 de MS
[INFO] 17:52:00:076 MemoriaHQ/(9059:9078): Se encuentra frame libre nro: 17
[INFO] 17:52:00:077 MemoriaHQ/(9059:9078): Se guardo en memoria el frame 17 ,offset 8 , tamanio 24
[INFO] 17:52:00:095 MemoriaHQ/(9059:9078): Se encuentra frame libre nro: 18
[INFO] 17:52:00:099 MemoriaHQ/(9059:9078): Se guardo en memoria el frame 18 ,offset 8 , tamanio 16
[INFO] 17:52:00:112 MemoriaHQ/(9059:9078): Se encuentra frame libre nro: 19
[INFO] 17:52:00:114 MemoriaHQ/(9059:9078): Se guardo en memoria el frame 19 ,offset 152 , tamanio 8
[INFO] 17:52:00:127 MemoriaHQ/(9059:9078): tripulante 6 registrado
[INFO] 17:52:00:131 MemoriaHQ/(9059:9078): Se crea nuevo TCB: id: 7 , pos_x: 0 , pos_y: 0
[INFO] 17:52:00:133 MemoriaHQ/(9059:9078): Se inicia el registro de tripulante 7 con PID 3
[INFO] 17:52:00:135 MemoriaHQ/(9059:9078): Verificar espacio disponible para almacenar 24 bytes
[INFO] 17:52:00:136 MemoriaHQ/(9059:9078): No Hay suficientes paginas para guardar el elemento, faltan 3 paginas
[INFO] 17:52:00:139 MemoriaHQ/(9059:9078): Se encontro la pagina mas antigua: nro_frame 20
[INFO] 17:52:00:143 MemoriaHQ/(9059:9078): Se guardo el frame 20 de MP al frame 20 de MS
[INFO] 17:52:00:145 MemoriaHQ/(9059:9078): Se encontro la pagina mas antigua: nro_frame 21
[INFO] 17:52:00:154 MemoriaHQ/(9059:9078): Se guardo el frame 21 de MP al frame 21 de MS
[INFO] 17:52:00:161 MemoriaHQ/(9059:9078): Se encontro la pagina mas antigua: nro_frame 22
[INFO] 17:52:00:166 MemoriaHQ/(9059:9078): Se guardo el frame 22 de MP al frame 22 de MS
[INFO] 17:52:00:168 MemoriaHQ/(9059:9078): Se encuentra frame libre nro: 20
[INFO] 17:52:00:169 MemoriaHQ/(9059:9078): Se guardo en memoria el frame 20 ,offset 8 , tamanio 24
[INFO] 17:52:00:186 MemoriaHQ/(9059:9078): Se encuentra frame libre nro: 21
[INFO] 17:52:00:193 MemoriaHQ/(9059:9078): Se guardo en memoria el frame 21 ,offset 8 , tamanio 16
[INFO] 17:52:00:212 MemoriaHQ/(9059:9078): Se encuentra frame libre nro: 22
[INFO] 17:52:00:218 MemoriaHQ/(9059:9078): Se guardo en memoria el frame 22 ,offset 176 , tamanio 8
[INFO] 17:52:00:230 MemoriaHQ/(9059:9078): tripulante 7 registrado
[INFO] 17:52:00:237 MemoriaHQ/(9059:9078): Se crea nuevo TCB: id: 8 , pos_x: 0 , pos_y: 0
[INFO] 17:52:00:245 MemoriaHQ/(9059:9078): Se inicia el registro de tripulante 8 con PID 3
[INFO] 17:52:00:247 MemoriaHQ/(9059:9078): Verificar espacio disponible para almacenar 24 bytes
[INFO] 17:52:00:255 MemoriaHQ/(9059:9078): No Hay suficientes paginas para guardar el elemento, faltan 3 paginas
[INFO] 17:52:00:266 MemoriaHQ/(9059:9078): Se encontro la pagina mas antigua: nro_frame 23
[INFO] 17:52:00:273 MemoriaHQ/(9059:9078): Se guardo el frame 23 de MP al frame 23 de MS
[INFO] 17:52:00:275 MemoriaHQ/(9059:9078): Se encontro la pagina mas antigua: nro_frame 24
[INFO] 17:52:00:284 MemoriaHQ/(9059:9078): Se guardo el frame 24 de MP al frame 24 de MS
[INFO] 17:52:00:293 MemoriaHQ/(9059:9078): Se encontro la pagina mas antigua: nro_frame 25
[INFO] 17:52:00:305 MemoriaHQ/(9059:9078): Se guardo el frame 25 de MP al frame 25 de MS
[INFO] 17:52:00:307 MemoriaHQ/(9059:9078): Se encuentra frame libre nro: 23
[INFO] 17:52:00:315 MemoriaHQ/(9059:9078): Se guardo en memoria el frame 23 ,offset 8 , tamanio 24
[INFO] 17:52:00:328 MemoriaHQ/(9059:9078): Se encuentra frame libre nro: 24
[INFO] 17:52:00:337 MemoriaHQ/(9059:9078): Se guardo en memoria el frame 24 ,offset 8 , tamanio 16
[INFO] 17:52:00:353 MemoriaHQ/(9059:9078): Se encuentra frame libre nro: 25
[INFO] 17:52:00:365 MemoriaHQ/(9059:9078): Se guardo en memoria el frame 25 ,offset 200 , tamanio 8
[INFO] 17:52:00:377 MemoriaHQ/(9059:9078): tripulante 8 registrado
[INFO] 17:52:05:783 MemoriaHQ/(9059:9081): Pagina 12 de la tabla del PCB 1 esta en MS (frame 12), lo traigo a MP
[INFO] 17:52:05:786 MemoriaHQ/(9059:9081): Se trae la pagina 12 de la tabla del PCB 1 de MS a MP
[INFO] 17:52:05:800 MemoriaHQ/(9059:9081): Se encontro la pagina mas antigua: nro_frame 26
[INFO] 17:52:05:863 MemoriaHQ/(9059:9081): Se guardo el frame 26 de MP al frame 26 de MS
[INFO] 17:52:05:871 MemoriaHQ/(9059:9081): Se libera el frame 26 ,llevando su contenido a MS
[INFO] 17:52:05:894 MemoriaHQ/(9059:9081): Se procede a ocupar el frame 26 con el contenido de la pagina 12 de la tabla del PCB 1
[INFO] 17:52:05:933 MemoriaHQ/(9059:9081): Se obtuvo el stream del bloque de memoria secundaria, offset: 96 , tamanio: 8
[INFO] 17:52:05:940 MemoriaHQ/(9059:9081): Se guarda el stream en frame: 26 del bloque de memoria principal, offset: 208, tamanio: 8
[INFO] 17:52:05:962 MemoriaHQ/(9059:9081): Se trajo el contenido de la pagina 12 de la tabla de paginas del PCB 1 a MP
[INFO] 17:52:05:973 MemoriaHQ/(9059:9081): Pagina 13 de la tabla del PCB 1 esta en MS (frame 13), lo traigo a MP
[INFO] 17:52:06:003 MemoriaHQ/(9059:9081): Se trae la pagina 13 de la tabla del PCB 1 de MS a MP
[INFO] 17:52:06:007 MemoriaHQ/(9059:9081): Se encontro la pagina mas antigua: nro_frame 27
[INFO] 17:52:06:037 MemoriaHQ/(9059:9081): Se guardo el frame 27 de MP al frame 27 de MS
[INFO] 17:52:06:029 MemoriaHQ/(9059:9088): La pagina 12 ya esta en MP (frame 26), se marca en_uso
[INFO] 17:52:06:049 MemoriaHQ/(9059:9081): Se libera el frame 27 ,llevando su contenido a MS
[INFO] 17:52:06:050 MemoriaHQ/(9059:9081): Se procede a ocupar el frame 27 con el contenido de la pagina 13 de la tabla del PCB 1
[INFO] 17:52:06:067 MemoriaHQ/(9059:9081): Se obtuvo el stream del bloque de memoria secundaria, offset: 104 , tamanio: 8
[INFO] 17:52:06:068 MemoriaHQ/(9059:9081): Se guarda el stream en frame: 27 del bloque de memoria principal, offset: 216, tamanio: 8
[INFO] 17:52:06:074 MemoriaHQ/(9059:9088): Pagina 13 de la tabla del PCB 1 esta en MS (frame 13), lo traigo a MP
[INFO] 17:52:06:085 MemoriaHQ/(9059:9088): Se trae la pagina 13 de la tabla del PCB 1 de MS a MP
[INFO] 17:52:06:087 MemoriaHQ/(9059:9088): Se encontro la pagina mas antigua: nro_frame 28
[INFO] 17:52:06:133 MemoriaHQ/(9059:9088): Se guardo el frame 28 de MP al frame 28 de MS
[INFO] 17:52:06:136 MemoriaHQ/(9059:9091): Pagina 15 de la tabla del PCB 1 esta en MS (frame 15), lo traigo a MP
[INFO] 17:52:06:146 MemoriaHQ/(9059:9091): Se trae la pagina 15 de la tabla del PCB 1 de MS a MP
[INFO] 17:52:06:147 MemoriaHQ/(9059:9091): Se encontro la pagina mas antigua: nro_frame 28
[INFO] 17:52:06:149 MemoriaHQ/(9059:9081): Se trajo el contenido de la pagina 13 de la tabla de paginas del PCB 1 a MP
[INFO] 17:52:06:150 MemoriaHQ/(9059:9081): Pagina 14 de la tabla del PCB 1 esta en MS (frame 14), lo traigo a MP
[INFO] 17:52:06:150 MemoriaHQ/(9059:9081): Se trae la pagina 14 de la tabla del PCB 1 de MS a MP
[INFO] 17:52:06:160 MemoriaHQ/(9059:9081): Se encontro la pagina mas antigua: nro_frame 28
O] 17:52:06:160 MemoriaHQ/(9059:9081): Se encontro la pagina mas antigua: nro_frame 28
[INFO] 18:00:21:602 MemoriaHQ/(9190:9190): reservando memoria ...
[INFO] 18:00:23:061 MemoriaHQ/(9190:9190): Se crea la tabla de paginas de la memoria principal
[INFO] 18:00:23:067 MemoriaHQ/(9190:9190): Se reserva 256 bytes de espacio de memoria
[INFO] 18:00:54:652 MemoriaHQ/(9190:9207): Se crea estructura PCB: id: 1 , puntero_tareas: 69582464
[INFO] 18:00:54:696 MemoriaHQ/(9190:9207): Se crea la talba de paginas para el proceso 1
[INFO] 18:00:54:747 MemoriaHQ/(9190:9207): Verificar espacio disponible para almacenar 8 bytes
[INFO] 18:00:54:800 MemoriaHQ/(9190:9207): Hay suficientes paginas para guardar el elemento
[INFO] 18:00:54:806 MemoriaHQ/(9190:9207): Se encuentra frame libre nro: 0
[INFO] 18:00:54:866 MemoriaHQ/(9190:9207): Se guardo en memoria el frame 0 ,offset 0 , tamanio 8
[INFO] 18:00:54:945 MemoriaHQ/(9190:9207): Se inicia el registro de la tarea LANZAR_GRANADAS 0;1;1;1|MATAR_ESPARTANOS 0;5;5;20|CONTEMPLAR_A_LOS_GRIEGOS 0;9;9;1 de PID 1
[INFO] 18:00:54:970 MemoriaHQ/(9190:9207): Verificar espacio disponible para almacenar 83 bytes
[INFO] 18:00:54:998 MemoriaHQ/(9190:9207): Hay suficientes paginas para guardar el elemento
[INFO] 18:00:55:000 MemoriaHQ/(9190:9207): Se encuentra frame libre nro: 1
[INFO] 18:00:55:008 MemoriaHQ/(9190:9207): Se guardo en memoria el frame 1 ,offset 8 , tamanio 83
[INFO] 18:00:55:035 MemoriaHQ/(9190:9207): Se encuentra frame libre nro: 2
[INFO] 18:00:55:046 MemoriaHQ/(9190:9207): Se guardo en memoria el frame 2 ,offset 8 , tamanio 75
[INFO] 18:00:55:060 MemoriaHQ/(9190:9207): Se encuentra frame libre nro: 3
[INFO] 18:00:55:069 MemoriaHQ/(9190:9207): Se guardo en memoria el frame 3 ,offset 8 , tamanio 67
[INFO] 18:00:55:099 MemoriaHQ/(9190:9207): Se encuentra frame libre nro: 4
[INFO] 18:00:55:100 MemoriaHQ/(9190:9207): Se guardo en memoria el frame 4 ,offset 8 , tamanio 59
[INFO] 18:00:55:113 MemoriaHQ/(9190:9207): Se encuentra frame libre nro: 5
[INFO] 18:00:55:114 MemoriaHQ/(9190:9207): Se guardo en memoria el frame 5 ,offset 8 , tamanio 51
[INFO] 18:00:55:130 MemoriaHQ/(9190:9207): Se encuentra frame libre nro: 6
[INFO] 18:00:55:131 MemoriaHQ/(9190:9207): Se guardo en memoria el frame 6 ,offset 8 , tamanio 43
[INFO] 18:00:55:162 MemoriaHQ/(9190:9207): Se encuentra frame libre nro: 7
[INFO] 18:00:55:167 MemoriaHQ/(9190:9207): Se guardo en memoria el frame 7 ,offset 8 , tamanio 35
[INFO] 18:00:55:183 MemoriaHQ/(9190:9207): Se encuentra frame libre nro: 8
[INFO] 18:00:55:193 MemoriaHQ/(9190:9207): Se guardo en memoria el frame 8 ,offset 8 , tamanio 27
[INFO] 18:00:55:205 MemoriaHQ/(9190:9207): Se encuentra frame libre nro: 9
[INFO] 18:00:55:206 MemoriaHQ/(9190:9207): Se guardo en memoria el frame 9 ,offset 8 , tamanio 19
[INFO] 18:00:55:236 MemoriaHQ/(9190:9207): Se encuentra frame libre nro: 10
[INFO] 18:00:55:263 MemoriaHQ/(9190:9207): Se guardo en memoria el frame 10 ,offset 8 , tamanio 11
[INFO] 18:00:55:298 MemoriaHQ/(9190:9207): Se encuentra frame libre nro: 11
[INFO] 18:00:55:320 MemoriaHQ/(9190:9207): Se guardo en memoria el frame 11 ,offset 88 , tamanio 3
[INFO] 18:00:55:386 MemoriaHQ/(9190:9207): Se crea nuevo TCB: id: 1 , pos_x: 3 , pos_y: 22
[INFO] 18:00:55:392 MemoriaHQ/(9190:9207): Se inicia el registro de tripulante 1 con PID 1
[INFO] 18:00:55:476 MemoriaHQ/(9190:9207): Verificar espacio disponible para almacenar 24 bytes
[INFO] 18:00:55:506 MemoriaHQ/(9190:9207): Hay suficientes paginas para guardar el elemento
[INFO] 18:00:55:518 MemoriaHQ/(9190:9207): Se encuentra frame libre nro: 12
[INFO] 18:00:55:521 MemoriaHQ/(9190:9207): Se guardo en memoria el frame 12 ,offset 8 , tamanio 24
[INFO] 18:00:55:542 MemoriaHQ/(9190:9207): Se encuentra frame libre nro: 13
[INFO] 18:00:55:550 MemoriaHQ/(9190:9207): Se guardo en memoria el frame 13 ,offset 8 , tamanio 16
[INFO] 18:00:55:570 MemoriaHQ/(9190:9207): Se encuentra frame libre nro: 14
[INFO] 18:00:55:571 MemoriaHQ/(9190:9207): Se guardo en memoria el frame 14 ,offset 112 , tamanio 8
[INFO] 18:00:55:638 MemoriaHQ/(9190:9207): tripulante 1 registrado
[INFO] 18:00:55:647 MemoriaHQ/(9190:9207): Se crea nuevo TCB: id: 2 , pos_x: 0 , pos_y: 0
[INFO] 18:00:55:654 MemoriaHQ/(9190:9207): Se inicia el registro de tripulante 2 con PID 1
[INFO] 18:00:55:658 MemoriaHQ/(9190:9207): Verificar espacio disponible para almacenar 24 bytes
[INFO] 18:00:55:668 MemoriaHQ/(9190:9207): Hay suficientes paginas para guardar el elemento
[INFO] 18:00:55:677 MemoriaHQ/(9190:9207): Se encuentra frame libre nro: 15
[INFO] 18:00:55:678 MemoriaHQ/(9190:9207): Se guardo en memoria el frame 15 ,offset 8 , tamanio 24
[INFO] 18:00:55:695 MemoriaHQ/(9190:9207): Se encuentra frame libre nro: 16
[INFO] 18:00:55:696 MemoriaHQ/(9190:9207): Se guardo en memoria el frame 16 ,offset 8 , tamanio 16
[INFO] 18:00:55:713 MemoriaHQ/(9190:9207): Se encuentra frame libre nro: 17
[INFO] 18:00:55:714 MemoriaHQ/(9190:9207): Se guardo en memoria el frame 17 ,offset 136 , tamanio 8
[INFO] 18:00:55:737 MemoriaHQ/(9190:9207): tripulante 2 registrado
[INFO] 18:00:55:744 MemoriaHQ/(9190:9207): Se crea nuevo TCB: id: 3 , pos_x: 0 , pos_y: 0
[INFO] 18:00:55:749 MemoriaHQ/(9190:9207): Se inicia el registro de tripulante 3 con PID 1
[INFO] 18:00:55:751 MemoriaHQ/(9190:9207): Verificar espacio disponible para almacenar 24 bytes
[INFO] 18:00:55:759 MemoriaHQ/(9190:9207): Hay suficientes paginas para guardar el elemento
[INFO] 18:00:55:765 MemoriaHQ/(9190:9207): Se encuentra frame libre nro: 18
[INFO] 18:00:55:766 MemoriaHQ/(9190:9207): Se guardo en memoria el frame 18 ,offset 8 , tamanio 24
[INFO] 18:00:55:785 MemoriaHQ/(9190:9207): Se encuentra frame libre nro: 19
[INFO] 18:00:55:788 MemoriaHQ/(9190:9207): Se guardo en memoria el frame 19 ,offset 8 , tamanio 16
[INFO] 18:00:55:802 MemoriaHQ/(9190:9207): Se encuentra frame libre nro: 20
[INFO] 18:00:55:803 MemoriaHQ/(9190:9207): Se guardo en memoria el frame 20 ,offset 160 , tamanio 8
[INFO] 18:00:55:820 MemoriaHQ/(9190:9207): tripulante 3 registrado
[INFO] 18:01:03:491 MemoriaHQ/(9190:9210): La pagina 12 ya esta en MP (frame 12), se marca en_uso
[INFO] 18:01:03:506 MemoriaHQ/(9190:9210): La pagina 13 ya esta en MP (frame 13), se marca en_uso
[INFO] 18:01:03:508 MemoriaHQ/(9190:9210): La pagina 14 ya esta en MP (frame 14), se marca en_uso
[INFO] 18:01:03:547 MemoriaHQ/(9190:9210): Obteniedo stream de frame 12 , offset 96 , tamanio 8
[INFO] 18:01:03:585 MemoriaHQ/(9190:9212): La pagina 12 ya esta en MP (frame 12), se marca en_uso
[INFO] 18:01:03:586 MemoriaHQ/(9190:9212): La pagina 13 ya esta en MP (frame 13), se marca en_uso
[INFO] 18:01:03:587 MemoriaHQ/(9190:9212): La pagina 14 ya esta en MP (frame 14), se marca en_uso
[INFO] 18:01:03:589 MemoriaHQ/(9190:9212): Obteniedo stream de frame 12 , offset 96 , tamanio 8
[INFO] 18:01:03:606 MemoriaHQ/(9190:9210): Obteniedo stream de frame 13 , offset 104 , tamanio 8
[INFO] 18:01:03:608 MemoriaHQ/(9190:9212): Obteniedo stream de frame 13 , offset 104 , tamanio 8
[INFO] 18:01:03:641 MemoriaHQ/(9190:9212): Obteniedo stream de frame 14 , offset 112 , tamanio 8
[INFO] 18:01:03:646 MemoriaHQ/(9190:9210): Obteniedo stream de frame 14 , offset 112 , tamanio 8
[INFO] 18:01:03:739 MemoriaHQ/(9190:9210): Se reescribe el frame libre nro: 12
[INFO] 18:01:03:762 MemoriaHQ/(9190:9210): Se guardo en memoria el frame 12 ,offset 8 , tamanio 24
[INFO] 18:01:03:832 MemoriaHQ/(9190:9210): Se reescribe el frame libre nro: 13
[INFO] 18:01:03:839 MemoriaHQ/(9190:9210): Se guardo en memoria el frame 13 ,offset 8 , tamanio 16
[INFO] 18:01:03:858 MemoriaHQ/(9190:9210): Se reescribe el frame libre nro: 14
[INFO] 18:01:03:860 MemoriaHQ/(9190:9210): Se guardo en memoria el frame 14 ,offset 112 , tamanio 8
[INFO] 18:01:03:889 MemoriaHQ/(9190:9210): La pagina 15 ya esta en MP (frame 15), se marca en_uso
[INFO] 18:01:03:893 MemoriaHQ/(9190:9210): La pagina 16 ya esta en MP (frame 16), se marca en_uso
[INFO] 18:01:03:894 MemoriaHQ/(9190:9210): La pagina 17 ya esta en MP (frame 17), se marca en_uso
[INFO] 18:01:03:896 MemoriaHQ/(9190:9210): Obteniedo stream de frame 15 , offset 120 , tamanio 8
[INFO] 18:01:03:910 MemoriaHQ/(9190:9210): Obteniedo stream de frame 16 , offset 128 , tamanio 8
[INFO] 18:01:03:932 MemoriaHQ/(9190:9210): Obteniedo stream de frame 17 , offset 136 , tamanio 8
[INFO] 18:01:03:959 MemoriaHQ/(9190:9210): Se reescribe el frame libre nro: 15
[INFO] 18:01:03:960 MemoriaHQ/(9190:9210): Se guardo en memoria el frame 15 ,offset 8 , tamanio 24
[INFO] 18:01:03:981 MemoriaHQ/(9190:9210): Se reescribe el frame libre nro: 16
[INFO] 18:01:03:982 MemoriaHQ/(9190:9210): Se guardo en memoria el frame 16 ,offset 8 , tamanio 16
[INFO] 18:01:03:996 MemoriaHQ/(9190:9210): Se reescribe el frame libre nro: 17
[INFO] 18:01:04:001 MemoriaHQ/(9190:9210): Se guardo en memoria el frame 17 ,offset 136 , tamanio 8
[INFO] 18:01:04:021 MemoriaHQ/(9190:9210): La pagina 18 ya esta en MP (frame 18), se marca en_uso
[INFO] 18:01:04:024 MemoriaHQ/(9190:9210): La pagina 19 ya esta en MP (frame 19), se marca en_uso
[INFO] 18:01:04:025 MemoriaHQ/(9190:9210): La pagina 20 ya esta en MP (frame 20), se marca en_uso
[INFO] 18:01:04:026 MemoriaHQ/(9190:9210): Obteniedo stream de frame 18 , offset 144 , tamanio 8
[INFO] 18:01:04:042 MemoriaHQ/(9190:9210): Obteniedo stream de frame 19 , offset 152 , tamanio 8
[INFO] 18:01:04:073 MemoriaHQ/(9190:9210): Obteniedo stream de frame 20 , offset 160 , tamanio 8
[INFO] 18:01:04:095 MemoriaHQ/(9190:9210): Se reescribe el frame libre nro: 18
[INFO] 18:01:04:105 MemoriaHQ/(9190:9210): Se guardo en memoria el frame 18 ,offset 8 , tamanio 24
[INFO] 18:01:04:119 MemoriaHQ/(9190:9210): Se reescribe el frame libre nro: 19
[INFO] 18:01:04:120 MemoriaHQ/(9190:9210): Se guardo en memoria el frame 19 ,offset 8 , tamanio 16
[INFO] 18:01:04:141 MemoriaHQ/(9190:9210): Se reescribe el frame libre nro: 20
[INFO] 18:01:04:143 MemoriaHQ/(9190:9210): Se guardo en memoria el frame 20 ,offset 160 , tamanio 8
[INFO] 18:01:04:681 MemoriaHQ/(9190:9212): La pagina 12 ya esta en MP (frame 12), se marca en_uso
[INFO] 18:01:04:683 MemoriaHQ/(9190:9212): La pagina 13 ya esta en MP (frame 13), se marca en_uso
[INFO] 18:01:04:685 MemoriaHQ/(9190:9212): La pagina 14 ya esta en MP (frame 14), se marca en_uso
[INFO] 18:01:04:687 MemoriaHQ/(9190:9212): Obteniedo stream de frame 12 , offset 96 , tamanio 8
[INFO] 18:01:04:702 MemoriaHQ/(9190:9212): Obteniedo stream de frame 13 , offset 104 , tamanio 8
[INFO] 18:01:04:724 MemoriaHQ/(9190:9212): Obteniedo stream de frame 14 , offset 112 , tamanio 8
[INFO] 18:01:04:743 MemoriaHQ/(9190:9212): Se reescribe el frame libre nro: 12
[INFO] 18:01:04:744 MemoriaHQ/(9190:9212): Se guardo en memoria el frame 12 ,offset 8 , tamanio 24
[INFO] 18:01:04:757 MemoriaHQ/(9190:9212): Se reescribe el frame libre nro: 13
[INFO] 18:01:04:771 MemoriaHQ/(9190:9212): Se guardo en memoria el frame 13 ,offset 8 , tamanio 16
[INFO] 18:01:04:786 MemoriaHQ/(9190:9212): Se reescribe el frame libre nro: 14
[INFO] 18:01:04:788 MemoriaHQ/(9190:9212): Se guardo en memoria el frame 14 ,offset 112 , tamanio 8
[INFO] 18:01:04:815 MemoriaHQ/(9190:9212): El tripulante 1 se movio a la posicion 2|2
[INFO] 18:01:05:679 MemoriaHQ/(9190:9212): La pagina 12 ya esta en MP (frame 12), se marca en_uso
[INFO] 18:01:05:680 MemoriaHQ/(9190:9212): La pagina 13 ya esta en MP (frame 13), se marca en_uso
[INFO] 18:01:05:685 MemoriaHQ/(9190:9212): La pagina 14 ya esta en MP (frame 14), se marca en_uso
[INFO] 18:01:05:694 MemoriaHQ/(9190:9212): Obteniedo stream de frame 12 , offset 96 , tamanio 8
[INFO] 18:01:05:713 MemoriaHQ/(9190:9212): Obteniedo stream de frame 13 , offset 104 , tamanio 8
[INFO] 18:01:05:727 MemoriaHQ/(9190:9212): Obteniedo stream de frame 14 , offset 112 , tamanio 8
[INFO] 18:01:05:742 MemoriaHQ/(9190:9212): Se reescribe el frame libre nro: 12
[INFO] 18:01:05:743 MemoriaHQ/(9190:9212): Se guardo en memoria el frame 12 ,offset 8 , tamanio 24
[INFO] 18:01:05:756 MemoriaHQ/(9190:9212): Se reescribe el frame libre nro: 13
[INFO] 18:01:05:760 MemoriaHQ/(9190:9212): Se guardo en memoria el frame 13 ,offset 8 , tamanio 16
[INFO] 18:01:05:774 MemoriaHQ/(9190:9212): Se reescribe el frame libre nro: 14
[INFO] 18:01:05:775 MemoriaHQ/(9190:9212): Se guardo en memoria el frame 14 ,offset 112 , tamanio 8
[INFO] 18:01:05:787 MemoriaHQ/(9190:9212): El tripulante 1 se movio a la posicion 1|2
[INFO] 18:01:06:689 MemoriaHQ/(9190:9212): La pagina 12 ya esta en MP (frame 12), se marca en_uso
[INFO] 18:01:06:690 MemoriaHQ/(9190:9212): La pagina 13 ya esta en MP (frame 13), se marca en_uso
[INFO] 18:01:06:695 MemoriaHQ/(9190:9212): La pagina 14 ya esta en MP (frame 14), se marca en_uso
[INFO] 18:01:06:697 MemoriaHQ/(9190:9212): Obteniedo stream de frame 12 , offset 96 , tamanio 8
[INFO] 18:01:06:717 MemoriaHQ/(9190:9212): Obteniedo stream de frame 13 , offset 104 , tamanio 8
[INFO] 18:01:06:737 MemoriaHQ/(9190:9212): Obteniedo stream de frame 14 , offset 112 , tamanio 8
[INFO] 18:01:06:760 MemoriaHQ/(9190:9212): Se reescribe el frame libre nro: 12
[INFO] 18:01:06:761 MemoriaHQ/(9190:9212): Se guardo en memoria el frame 12 ,offset 8 , tamanio 24
[INFO] 18:01:06:775 MemoriaHQ/(9190:9212): Se reescribe el frame libre nro: 13
[INFO] 18:01:06:785 MemoriaHQ/(9190:9212): Se guardo en memoria el frame 13 ,offset 8 , tamanio 16
[INFO] 18:01:06:797 MemoriaHQ/(9190:9212): Se reescribe el frame libre nro: 14
[INFO] 18:01:06:798 MemoriaHQ/(9190:9212): Se guardo en memoria el frame 14 ,offset 112 , tamanio 8
[INFO] 18:01:06:814 MemoriaHQ/(9190:9212): El tripulante 1 se movio a la posicion 1|3
[INFO] 18:01:07:702 MemoriaHQ/(9190:9212): La pagina 12 ya esta en MP (frame 12), se marca en_uso
[INFO] 18:01:07:704 MemoriaHQ/(9190:9212): La pagina 13 ya esta en MP (frame 13), se marca en_uso
[INFO] 18:01:07:706 MemoriaHQ/(9190:9212): La pagina 14 ya esta en MP (frame 14), se marca en_uso
[INFO] 18:01:07:715 MemoriaHQ/(9190:9212): Obteniedo stream de frame 12 , offset 96 , tamanio 8
[INFO] 18:01:07:735 MemoriaHQ/(9190:9212): Obteniedo stream de frame 13 , offset 104 , tamanio 8
[INFO] 18:01:07:753 MemoriaHQ/(9190:9212): Obteniedo stream de frame 14 , offset 112 , tamanio 8
[INFO] 18:01:07:786 MemoriaHQ/(9190:9212): Se reescribe el frame libre nro: 12
[INFO] 18:01:07:788 MemoriaHQ/(9190:9212): Se guardo en memoria el frame 12 ,offset 8 , tamanio 24
[INFO] 18:01:07:806 MemoriaHQ/(9190:9212): Se reescribe el frame libre nro: 13
[INFO] 18:01:07:809 MemoriaHQ/(9190:9212): Se guardo en memoria el frame 13 ,offset 8 , tamanio 16
[INFO] 18:01:07:825 MemoriaHQ/(9190:9212): Se reescribe el frame libre nro: 14
[INFO] 18:01:07:826 MemoriaHQ/(9190:9212): Se guardo en memoria el frame 14 ,offset 112 , tamanio 8
[INFO] 18:01:07:848 MemoriaHQ/(9190:9212): El tripulante 1 se movio a la posicion 1|4
[INFO] 18:01:08:700 MemoriaHQ/(9190:9212): La pagina 12 ya esta en MP (frame 12), se marca en_uso
[INFO] 18:01:08:705 MemoriaHQ/(9190:9212): La pagina 13 ya esta en MP (frame 13), se marca en_uso
[INFO] 18:01:08:706 MemoriaHQ/(9190:9212): La pagina 14 ya esta en MP (frame 14), se marca en_uso
[INFO] 18:01:08:708 MemoriaHQ/(9190:9212): Obteniedo stream de frame 12 , offset 96 , tamanio 8
[INFO] 18:01:08:743 MemoriaHQ/(9190:9212): Obteniedo stream de frame 13 , offset 104 , tamanio 8
[INFO] 18:01:08:775 MemoriaHQ/(9190:9212): Obteniedo stream de frame 14 , offset 112 , tamanio 8
[INFO] 18:01:08:802 MemoriaHQ/(9190:9212): Se reescribe el frame libre nro: 12
[INFO] 18:01:08:806 MemoriaHQ/(9190:9212): Se guardo en memoria el frame 12 ,offset 8 , tamanio 24
[INFO] 18:01:08:819 MemoriaHQ/(9190:9212): Se reescribe el frame libre nro: 13
[INFO] 18:01:08:829 MemoriaHQ/(9190:9212): Se guardo en memoria el frame 13 ,offset 8 , tamanio 16
[INFO] 18:01:08:842 MemoriaHQ/(9190:9212): Se reescribe el frame libre nro: 14
[INFO] 18:01:08:844 MemoriaHQ/(9190:9212): Se guardo en memoria el frame 14 ,offset 112 , tamanio 8
[INFO] 18:01:08:861 MemoriaHQ/(9190:9212): El tripulante 1 se movio a la posicion 1|5
[INFO] 18:01:13:763 MemoriaHQ/(9190:9212): Se solicita tarea para la Patota 1
[INFO] 18:01:13:786 MemoriaHQ/(9190:9212): La pagina 1 ya esta en MP (frame 1), se marca en_uso
[INFO] 18:01:13:796 MemoriaHQ/(9190:9212): La pagina 2 ya esta en MP (frame 2), se marca en_uso
[INFO] 18:01:13:797 MemoriaHQ/(9190:9212): La pagina 3 ya esta en MP (frame 3), se marca en_uso
[INFO] 18:01:13:799 MemoriaHQ/(9190:9212): La pagina 4 ya esta en MP (frame 4), se marca en_uso
[INFO] 18:01:13:800 MemoriaHQ/(9190:9212): La pagina 5 ya esta en MP (frame 5), se marca en_uso
[INFO] 18:01:13:802 MemoriaHQ/(9190:9212): La pagina 6 ya esta en MP (frame 6), se marca en_uso
[INFO] 18:01:13:809 MemoriaHQ/(9190:9212): La pagina 7 ya esta en MP (frame 7), se marca en_uso
[INFO] 18:01:13:813 MemoriaHQ/(9190:9212): La pagina 8 ya esta en MP (frame 8), se marca en_uso
[INFO] 18:01:13:815 MemoriaHQ/(9190:9212): La pagina 9 ya esta en MP (frame 9), se marca en_uso
[INFO] 18:01:13:829 MemoriaHQ/(9190:9212): La pagina 10 ya esta en MP (frame 10), se marca en_uso
[INFO] 18:01:13:838 MemoriaHQ/(9190:9212): La pagina 11 ya esta en MP (frame 11), se marca en_uso
[INFO] 18:01:13:862 MemoriaHQ/(9190:9212): Obteniedo stream de frame 1 , offset 8 , tamanio 8
[INFO] 18:01:13:889 MemoriaHQ/(9190:9212): Obteniedo stream de frame 2 , offset 16 , tamanio 8
[INFO] 18:01:13:909 MemoriaHQ/(9190:9212): Obteniedo stream de frame 3 , offset 24 , tamanio 8
[INFO] 18:01:13:935 MemoriaHQ/(9190:9212): Obteniedo stream de frame 4 , offset 32 , tamanio 8
[INFO] 18:01:13:951 MemoriaHQ/(9190:9212): Obteniedo stream de frame 5 , offset 40 , tamanio 8
[INFO] 18:01:13:985 MemoriaHQ/(9190:9212): Obteniedo stream de frame 6 , offset 48 , tamanio 8
[INFO] 18:01:13:999 MemoriaHQ/(9190:9212): Obteniedo stream de frame 7 , offset 56 , tamanio 8
[INFO] 18:01:14:025 MemoriaHQ/(9190:9212): Obteniedo stream de frame 8 , offset 64 , tamanio 8
[INFO] 18:01:14:043 MemoriaHQ/(9190:9212): Obteniedo stream de frame 9 , offset 72 , tamanio 8
[INFO] 18:01:14:059 MemoriaHQ/(9190:9212): Obteniedo stream de frame 10 , offset 80 , tamanio 8
[INFO] 18:01:14:078 MemoriaHQ/(9190:9212): Obteniedo stream de frame 11 , offset 88 , tamanio 3
[INFO] 18:01:14:095 MemoriaHQ/(9190:9212): Tarea obtenida de patota 1, TAREAS: LANZAR_GRANADAS 0;1;1;1|MATAR_ESPARTANOS 0;5;5;20|CONTEMPLAR_A_LOS_GRIEGOS 0;9;9;1
[INFO] 18:01:14:111 MemoriaHQ/(9190:9212): La pagina 12 ya esta en MP (frame 12), se marca en_uso
[INFO] 18:01:14:113 MemoriaHQ/(9190:9212): La pagina 13 ya esta en MP (frame 13), se marca en_uso
[INFO] 18:01:14:114 MemoriaHQ/(9190:9212): La pagina 14 ya esta en MP (frame 14), se marca en_uso
[INFO] 18:01:14:116 MemoriaHQ/(9190:9212): Obteniedo stream de frame 12 , offset 96 , tamanio 8
[INFO] 18:01:14:134 MemoriaHQ/(9190:9212): Obteniedo stream de frame 13 , offset 104 , tamanio 8
[INFO] 18:01:14:153 MemoriaHQ/(9190:9212): Obteniedo stream de frame 14 , offset 112 , tamanio 8
[INFO] 18:01:14:167 MemoriaHQ/(9190:9212): Tarea a enviar: LANZAR_GRANADAS 0;1;1;1
[INFO] 18:01:14:178 MemoriaHQ/(9190:9212): Se reescribe el frame libre nro: 12
[INFO] 18:01:14:180 MemoriaHQ/(9190:9212): Se guardo en memoria el frame 12 ,offset 8 , tamanio 24
[INFO] 18:01:14:195 MemoriaHQ/(9190:9212): Se reescribe el frame libre nro: 13
[INFO] 18:01:14:201 MemoriaHQ/(9190:9212): Se guardo en memoria el frame 13 ,offset 8 , tamanio 16
[INFO] 18:01:14:217 MemoriaHQ/(9190:9212): Se reescribe el frame libre nro: 14
[INFO] 18:01:14:218 MemoriaHQ/(9190:9212): Se guardo en memoria el frame 14 ,offset 112 , tamanio 8
[INFO] 18:01:14:281 MemoriaHQ/(9190:9212): La pagina 12 ya esta en MP (frame 12), se marca en_uso
[INFO] 18:01:14:287 MemoriaHQ/(9190:9212): La pagina 13 ya esta en MP (frame 13), se marca en_uso
[INFO] 18:01:14:294 MemoriaHQ/(9190:9212): La pagina 14 ya esta en MP (frame 14), se marca en_uso
[INFO] 18:01:14:297 MemoriaHQ/(9190:9212): Obteniedo stream de frame 12 , offset 96 , tamanio 8
[INFO] 18:01:14:328 MemoriaHQ/(9190:9212): Obteniedo stream de frame 13 , offset 104 , tamanio 8
[INFO] 18:01:14:351 MemoriaHQ/(9190:9212): Obteniedo stream de frame 14 , offset 112 , tamanio 8
[INFO] 18:01:14:375 MemoriaHQ/(9190:9212): Se reescribe el frame libre nro: 12
[INFO] 18:01:14:387 MemoriaHQ/(9190:9212): Se guardo en memoria el frame 12 ,offset 8 , tamanio 24
[INFO] 18:01:14:416 MemoriaHQ/(9190:9212): Se reescribe el frame libre nro: 13
[INFO] 18:01:14:418 MemoriaHQ/(9190:9212): Se guardo en memoria el frame 13 ,offset 8 , tamanio 16
[INFO] 18:01:14:442 MemoriaHQ/(9190:9212): Se reescribe el frame libre nro: 14
[INFO] 18:01:14:444 MemoriaHQ/(9190:9212): Se guardo en memoria el frame 14 ,offset 112 , tamanio 8
[INFO] 18:01:14:469 MemoriaHQ/(9190:9212): La pagina 15 ya esta en MP (frame 15), se marca en_uso
[INFO] 18:01:14:471 MemoriaHQ/(9190:9212): La pagina 16 ya esta en MP (frame 16), se marca en_uso
[INFO] 18:01:14:472 MemoriaHQ/(9190:9212): La pagina 17 ya esta en MP (frame 17), se marca en_uso
[INFO] 18:01:14:476 MemoriaHQ/(9190:9212): Obteniedo stream de frame 15 , offset 120 , tamanio 8
[INFO] 18:01:14:499 MemoriaHQ/(9190:9212): Obteniedo stream de frame 16 , offset 128 , tamanio 8
[INFO] 18:01:14:522 MemoriaHQ/(9190:9212): Obteniedo stream de frame 17 , offset 136 , tamanio 8
[INFO] 18:01:15:337 MemoriaHQ/(9190:9212): La pagina 15 ya esta en MP (frame 15), se marca en_uso
[INFO] 18:01:15:341 MemoriaHQ/(9190:9212): La pagina 16 ya esta en MP (frame 16), se marca en_uso
[INFO] 18:01:15:344 MemoriaHQ/(9190:9212): La pagina 17 ya esta en MP (frame 17), se marca en_uso
[INFO] 18:01:15:355 MemoriaHQ/(9190:9212): Obteniedo stream de frame 15 , offset 120 , tamanio 8
[INFO] 18:01:15:374 MemoriaHQ/(9190:9212): Obteniedo stream de frame 16 , offset 128 , tamanio 8
[INFO] 18:01:15:388 MemoriaHQ/(9190:9212): Obteniedo stream de frame 17 , offset 136 , tamanio 8
[INFO] 18:01:15:403 MemoriaHQ/(9190:9212): Se reescribe el frame libre nro: 15
[INFO] 18:01:15:405 MemoriaHQ/(9190:9212): Se guardo en memoria el frame 15 ,offset 8 , tamanio 24
[INFO] 18:01:15:426 MemoriaHQ/(9190:9212): Se reescribe el frame libre nro: 16
[INFO] 18:01:15:428 MemoriaHQ/(9190:9212): Se guardo en memoria el frame 16 ,offset 8 , tamanio 16
[INFO] 18:01:15:446 MemoriaHQ/(9190:9212): Se reescribe el frame libre nro: 17
[INFO] 18:01:15:450 MemoriaHQ/(9190:9212): Se guardo en memoria el frame 17 ,offset 136 , tamanio 8
[INFO] 18:01:15:466 MemoriaHQ/(9190:9212): El tripulante 2 se movio a la posicion 1|2
[INFO] 18:01:16:344 MemoriaHQ/(9190:9212): La pagina 15 ya esta en MP (frame 15), se marca en_uso
[INFO] 18:01:16:349 MemoriaHQ/(9190:9212): La pagina 16 ya esta en MP (frame 16), se marca en_uso
[INFO] 18:01:16:349 MemoriaHQ/(9190:9212): La pagina 17 ya esta en MP (frame 17), se marca en_uso
[INFO] 18:01:16:353 MemoriaHQ/(9190:9212): Obteniedo stream de frame 15 , offset 120 , tamanio 8
[INFO] 18:01:16:371 MemoriaHQ/(9190:9212): Obteniedo stream de frame 16 , offset 128 , tamanio 8
[INFO] 18:01:16:386 MemoriaHQ/(9190:9212): Obteniedo stream de frame 17 , offset 136 , tamanio 8
[INFO] 18:01:16:401 MemoriaHQ/(9190:9212): Se reescribe el frame libre nro: 15
[INFO] 18:01:16:402 MemoriaHQ/(9190:9212): Se guardo en memoria el frame 15 ,offset 8 , tamanio 24
[INFO] 18:01:16:421 MemoriaHQ/(9190:9212): Se reescribe el frame libre nro: 16
[INFO] 18:01:16:423 MemoriaHQ/(9190:9212): Se guardo en memoria el frame 16 ,offset 8 , tamanio 16
[INFO] 18:01:16:438 MemoriaHQ/(9190:9212): Se reescribe el frame libre nro: 17
[INFO] 18:01:16:439 MemoriaHQ/(9190:9212): Se guardo en memoria el frame 17 ,offset 136 , tamanio 8
[INFO] 18:01:16:451 MemoriaHQ/(9190:9212): El tripulante 2 se movio a la posicion 1|3
[INFO] 18:01:17:351 MemoriaHQ/(9190:9212): La pagina 15 ya esta en MP (frame 15), se marca en_uso
[INFO] 18:01:17:356 MemoriaHQ/(9190:9212): La pagina 16 ya esta en MP (frame 16), se marca en_uso
[INFO] 18:01:17:358 MemoriaHQ/(9190:9212): La pagina 17 ya esta en MP (frame 17), se marca en_uso
[INFO] 18:01:17:366 MemoriaHQ/(9190:9212): Obteniedo stream de frame 15 , offset 120 , tamanio 8
[INFO] 18:01:17:386 MemoriaHQ/(9190:9212): Obteniedo stream de frame 16 , offset 128 , tamanio 8
[INFO] 18:01:17:403 MemoriaHQ/(9190:9212): Obteniedo stream de frame 17 , offset 136 , tamanio 8
[INFO] 18:01:17:429 MemoriaHQ/(9190:9212): Se reescribe el frame libre nro: 15
[INFO] 18:01:17:433 MemoriaHQ/(9190:9212): Se guardo en memoria el frame 15 ,offset 8 , tamanio 24
[INFO] 18:01:17:463 MemoriaHQ/(9190:9212): Se reescribe el frame libre nro: 16
[INFO] 18:01:17:472 MemoriaHQ/(9190:9212): Se guardo en memoria el frame 16 ,offset 8 , tamanio 16
[INFO] 18:01:17:490 MemoriaHQ/(9190:9212): Se reescribe el frame libre nro: 17
[INFO] 18:01:17:493 MemoriaHQ/(9190:9212): Se guardo en memoria el frame 17 ,offset 136 , tamanio 8
[INFO] 18:01:17:507 MemoriaHQ/(9190:9212): El tripulante 2 se movio a la posicion 1|4
[INFO] 18:01:18:354 MemoriaHQ/(9190:9212): La pagina 15 ya esta en MP (frame 15), se marca en_uso
[INFO] 18:01:18:355 MemoriaHQ/(9190:9212): La pagina 16 ya esta en MP (frame 16), se marca en_uso
[INFO] 18:01:18:356 MemoriaHQ/(9190:9212): La pagina 17 ya esta en MP (frame 17), se marca en_uso
[INFO] 18:01:18:357 MemoriaHQ/(9190:9212): Obteniedo stream de frame 15 , offset 120 , tamanio 8
[INFO] 18:01:18:371 MemoriaHQ/(9190:9212): Obteniedo stream de frame 16 , offset 128 , tamanio 8
[INFO] 18:01:18:389 MemoriaHQ/(9190:9212): Obteniedo stream de frame 17 , offset 136 , tamanio 8
[INFO] 18:01:18:407 MemoriaHQ/(9190:9212): Se reescribe el frame libre nro: 15
[INFO] 18:01:18:408 MemoriaHQ/(9190:9212): Se guardo en memoria el frame 15 ,offset 8 , tamanio 24
[INFO] 18:01:18:430 MemoriaHQ/(9190:9212): Se reescribe el frame libre nro: 16
[INFO] 18:01:18:433 MemoriaHQ/(9190:9212): Se guardo en memoria el frame 16 ,offset 8 , tamanio 16
[INFO] 18:01:18:446 MemoriaHQ/(9190:9212): Se reescribe el frame libre nro: 17
[INFO] 18:01:18:448 MemoriaHQ/(9190:9212): Se guardo en memoria el frame 17 ,offset 136 , tamanio 8
[INFO] 18:01:18:462 MemoriaHQ/(9190:9212): El tripulante 2 se movio a la posicion 1|5
[INFO] 18:01:23:361 MemoriaHQ/(9190:9212): Se solicita tarea para la Patota 1
[INFO] 18:01:23:363 MemoriaHQ/(9190:9212): La pagina 1 ya esta en MP (frame 1), se marca en_uso
[INFO] 18:01:23:365 MemoriaHQ/(9190:9212): La pagina 2 ya esta en MP (frame 2), se marca en_uso
[INFO] 18:01:23:373 MemoriaHQ/(9190:9212): La pagina 3 ya esta en MP (frame 3), se marca en_uso
[INFO] 18:01:23:376 MemoriaHQ/(9190:9212): La pagina 4 ya esta en MP (frame 4), se marca en_uso
[INFO] 18:01:23:377 MemoriaHQ/(9190:9212): La pagina 5 ya esta en MP (frame 5), se marca en_uso
[INFO] 18:01:23:378 MemoriaHQ/(9190:9212): La pagina 6 ya esta en MP (frame 6), se marca en_uso
[INFO] 18:01:23:379 MemoriaHQ/(9190:9212): La pagina 7 ya esta en MP (frame 7), se marca en_uso
[INFO] 18:01:23:381 MemoriaHQ/(9190:9212): La pagina 8 ya esta en MP (frame 8), se marca en_uso
[INFO] 18:01:23:382 MemoriaHQ/(9190:9212): La pagina 9 ya esta en MP (frame 9), se marca en_uso
[INFO] 18:01:23:393 MemoriaHQ/(9190:9212): La pagina 10 ya esta en MP (frame 10), se marca en_uso
[INFO] 18:01:23:394 MemoriaHQ/(9190:9212): La pagina 11 ya esta en MP (frame 11), se marca en_uso
[INFO] 18:01:23:396 MemoriaHQ/(9190:9212): Obteniedo stream de frame 1 , offset 8 , tamanio 8
[INFO] 18:01:23:412 MemoriaHQ/(9190:9212): Obteniedo stream de frame 2 , offset 16 , tamanio 8
[INFO] 18:01:23:429 MemoriaHQ/(9190:9212): Obteniedo stream de frame 3 , offset 24 , tamanio 8
[INFO] 18:01:23:446 MemoriaHQ/(9190:9212): Obteniedo stream de frame 4 , offset 32 , tamanio 8
[INFO] 18:01:23:469 MemoriaHQ/(9190:9212): Obteniedo stream de frame 5 , offset 40 , tamanio 8
[INFO] 18:01:23:483 MemoriaHQ/(9190:9212): Obteniedo stream de frame 6 , offset 48 , tamanio 8
[INFO] 18:01:23:505 MemoriaHQ/(9190:9212): Obteniedo stream de frame 7 , offset 56 , tamanio 8
[INFO] 18:01:23:521 MemoriaHQ/(9190:9212): Obteniedo stream de frame 8 , offset 64 , tamanio 8
[INFO] 18:01:23:535 MemoriaHQ/(9190:9212): Obteniedo stream de frame 9 , offset 72 , tamanio 8
[INFO] 18:01:23:550 MemoriaHQ/(9190:9212): Obteniedo stream de frame 10 , offset 80 , tamanio 8
[INFO] 18:01:23:566 MemoriaHQ/(9190:9212): Obteniedo stream de frame 11 , offset 88 , tamanio 3
[INFO] 18:01:23:581 MemoriaHQ/(9190:9212): Tarea obtenida de patota 1, TAREAS: LANZAR_GRANADAS 0;1;1;1|MATAR_ESPARTANOS 0;5;5;20|CONTEMPLAR_A_LOS_GRIEGOS 0;9;9;1
[INFO] 18:01:23:587 MemoriaHQ/(9190:9212): La pagina 15 ya esta en MP (frame 15), se marca en_uso
[INFO] 18:01:23:588 MemoriaHQ/(9190:9212): La pagina 16 ya esta en MP (frame 16), se marca en_uso
[INFO] 18:01:23:590 MemoriaHQ/(9190:9212): La pagina 17 ya esta en MP (frame 17), se marca en_uso
[INFO] 18:01:23:591 MemoriaHQ/(9190:9212): Obteniedo stream de frame 15 , offset 120 , tamanio 8
[INFO] 18:01:23:615 MemoriaHQ/(9190:9212): Obteniedo stream de frame 16 , offset 128 , tamanio 8
[INFO] 18:01:23:629 MemoriaHQ/(9190:9212): Obteniedo stream de frame 17 , offset 136 , tamanio 8
[INFO] 18:01:23:643 MemoriaHQ/(9190:9212): Tarea a enviar: LANZAR_GRANADAS 0;1;1;1
[INFO] 18:01:23:648 MemoriaHQ/(9190:9212): Se reescribe el frame libre nro: 15
[INFO] 18:01:23:649 MemoriaHQ/(9190:9212): Se guardo en memoria el frame 15 ,offset 8 , tamanio 24
[INFO] 18:01:23:662 MemoriaHQ/(9190:9212): Se reescribe el frame libre nro: 16
[INFO] 18:01:23:663 MemoriaHQ/(9190:9212): Se guardo en memoria el frame 16 ,offset 8 , tamanio 16
[INFO] 18:01:23:684 MemoriaHQ/(9190:9212): Se reescribe el frame libre nro: 17
[INFO] 18:01:23:685 MemoriaHQ/(9190:9212): Se guardo en memoria el frame 17 ,offset 136 , tamanio 8
[INFO] 18:01:23:716 MemoriaHQ/(9190:9212): La pagina 15 ya esta en MP (frame 15), se marca en_uso
[INFO] 18:01:23:727 MemoriaHQ/(9190:9212): La pagina 16 ya esta en MP (frame 16), se marca en_uso
[INFO] 18:01:23:734 MemoriaHQ/(9190:9212): La pagina 17 ya esta en MP (frame 17), se marca en_uso
[INFO] 18:01:23:741 MemoriaHQ/(9190:9212): Obteniedo stream de frame 15 , offset 120 , tamanio 8
[INFO] 18:01:23:765 MemoriaHQ/(9190:9212): Obteniedo stream de frame 16 , offset 128 , tamanio 8
[INFO] 18:01:23:779 MemoriaHQ/(9190:9212): Obteniedo stream de frame 17 , offset 136 , tamanio 8
[INFO] 18:01:23:802 MemoriaHQ/(9190:9212): Se reescribe el frame libre nro: 15
[INFO] 18:01:23:804 MemoriaHQ/(9190:9212): Se guardo en memoria el frame 15 ,offset 8 , tamanio 24
[INFO] 18:01:23:816 MemoriaHQ/(9190:9212): Se reescribe el frame libre nro: 16
[INFO] 18:01:23:825 MemoriaHQ/(9190:9212): Se guardo en memoria el frame 16 ,offset 8 , tamanio 16
[INFO] 18:01:23:842 MemoriaHQ/(9190:9212): Se reescribe el frame libre nro: 17
[INFO] 18:01:23:843 MemoriaHQ/(9190:9212): Se guardo en memoria el frame 17 ,offset 136 , tamanio 8
[INFO] 18:01:23:859 MemoriaHQ/(9190:9212): La pagina 18 ya esta en MP (frame 18), se marca en_uso
[INFO] 18:01:23:859 MemoriaHQ/(9190:9212): La pagina 19 ya esta en MP (frame 19), se marca en_uso
[INFO] 18:01:23:864 MemoriaHQ/(9190:9212): La pagina 20 ya esta en MP (frame 20), se marca en_uso
[INFO] 18:01:23:866 MemoriaHQ/(9190:9212): Obteniedo stream de frame 18 , offset 144 , tamanio 8
[INFO] 18:01:23:886 MemoriaHQ/(9190:9212): Obteniedo stream de frame 19 , offset 152 , tamanio 8
[INFO] 18:01:23:904 MemoriaHQ/(9190:9212): Obteniedo stream de frame 20 , offset 160 , tamanio 8
[INFO] 18:01:23:939 MemoriaHQ/(9190:9212): Se elimino la tabla de paginas de la Patota 1
[INFO] 19:47:20:983 MemoriaHQ/(6475:6475): reservando memoria ...
[INFO] 19:47:22:034 MemoriaHQ/(6475:6475): Se crea la tabla de paginas de la memoria principal
[INFO] 19:47:22:035 MemoriaHQ/(6475:6475): Se reserva 256 bytes de espacio de memoria
[INFO] 20:28:50:807 MemoriaHQ/(7806:7806): reservando memoria ...
[INFO] 20:28:51:819 MemoriaHQ/(7806:7806): Se crea la tabla de paginas de la memoria principal
[INFO] 20:28:51:820 MemoriaHQ/(7806:7806): Se reserva 256 bytes de espacio de memoria
[INFO] 20:53:25:046 MemoriaHQ/(8318:8318): reservando memoria ...
[INFO] 20:53:26:050 MemoriaHQ/(8318:8318): Se crea la tabla de paginas de la memoria principal
[INFO] 20:53:26:050 MemoriaHQ/(8318:8318): Se reserva 256 bytes de espacio de memoria
[INFO] 21:04:30:402 MemoriaHQ/(8754:8754): reservando memoria ...
[INFO] 21:04:31:419 MemoriaHQ/(8754:8754): Se crea la tabla de paginas de la memoria principal
[INFO] 21:04:31:419 MemoriaHQ/(8754:8754): Se reserva 256 bytes de espacio de memoria
[INFO] 21:04:51:897 MemoriaHQ/(8767:8767): reservando memoria ...
[INFO] 21:04:52:912 MemoriaHQ/(8767:8767): Se crea la tabla de paginas de la memoria principal
[INFO] 21:04:52:913 MemoriaHQ/(8767:8767): Se reserva 256 bytes de espacio de memoria
[INFO] 21:05:36:133 MemoriaHQ/(8806:8806): reservando memoria ...
[INFO] 21:05:37:139 MemoriaHQ/(8806:8806): Se crea la tabla de paginas de la memoria principal
[INFO] 21:05:37:140 MemoriaHQ/(8806:8806): Se reserva 256 bytes de espacio de memoria
[INFO] 21:07:19:814 MemoriaHQ/(8912:8912): reservando memoria ...
[INFO] 21:07:20:812 MemoriaHQ/(8912:8912): Se crea la tabla de paginas de la memoria principal
[INFO] 21:07:20:813 MemoriaHQ/(8912:8912): Se reserva 256 bytes de espacio de memoria
[INFO] 21:09:47:205 MemoriaHQ/(8806:8806): INICIANDO DUMP DE LA MEMORIA..
[INFO] 21:09:47:205 MemoriaHQ/(8806:8806): FINALIZANDO DUMP DE LA MEMORIA..
[INFO] 22:26:58:897 MemoriaHQ/(10838:10838): reservando memoria ...
[INFO] 22:26:59:993 MemoriaHQ/(10838:10838): Se crea la tabla de paginas de la memoria principal
[INFO] 22:26:59:994 MemoriaHQ/(10838:10838): Se reserva 256 bytes de espacio de memoria
[INFO] 22:28:21:091 MemoriaHQ/(8806:10929): Se crea estructura PCB: id: 1 , puntero_tareas: 134580008
[INFO] 22:28:21:091 MemoriaHQ/(8806:10929): Se crea la tabla de paginas para el proceso 1
[INFO] 22:28:21:091 MemoriaHQ/(8806:10929): Verificar espacio disponible para almacenar 8 bytes
[INFO] 22:28:21:091 MemoriaHQ/(8806:10929): Hay suficientes paginas para guardar el elemento
[INFO] 22:28:21:091 MemoriaHQ/(8806:10929): Se encuentra frame libre nro: 0
[INFO] 22:28:21:091 MemoriaHQ/(8806:10929): Se guardo en memoria el frame 0 ,offset 0 , tamanio 8
[INFO] 22:28:21:102 MemoriaHQ/(8806:10929): Se inicia el registro de la tarea  de PID 1
[INFO] 22:28:21:102 MemoriaHQ/(8806:10929): Verificar espacio disponible para almacenar 1 bytes
[INFO] 22:28:21:102 MemoriaHQ/(8806:10929): Hay suficientes paginas para guardar el elemento
[INFO] 22:28:21:102 MemoriaHQ/(8806:10929): Se encuentra frame libre nro: 1
[INFO] 22:28:21:103 MemoriaHQ/(8806:10929): Se guardo en memoria el frame 1 ,offset 8 , tamanio 1
[INFO] 22:30:03:876 MemoriaHQ/(8806:11027): Se crea estructura PCB: id: 1 , puntero_tareas: -1231026976
[INFO] 22:30:03:876 MemoriaHQ/(8806:11027): Se crea la tabla de paginas para el proceso 1
[INFO] 22:30:03:876 MemoriaHQ/(8806:11027): Verificar espacio disponible para almacenar 8 bytes
[INFO] 22:30:03:876 MemoriaHQ/(8806:11027): Hay suficientes paginas para guardar el elemento
[INFO] 22:30:03:876 MemoriaHQ/(8806:11027): Se encuentra frame libre nro: 2
[INFO] 22:30:03:876 MemoriaHQ/(8806:11027): Se guardo en memoria el frame 2 ,offset 16 , tamanio 8
[INFO] 22:30:03:886 MemoriaHQ/(8806:11027): Se inicia el registro de la tarea  de PID 1
[INFO] 22:30:03:887 MemoriaHQ/(8806:11027): Verificar espacio disponible para almacenar 1 bytes
[INFO] 22:30:03:887 MemoriaHQ/(8806:11027): Hay suficientes paginas para guardar el elemento
[INFO] 22:30:03:891 MemoriaHQ/(8806:11027): Se encuentra frame libre nro: 3
[INFO] 22:30:03:891 MemoriaHQ/(8806:11027): Se guardo en memoria el frame 3 ,offset 24 , tamanio 1
                                                                                                                                                                                                                                                                                                                                                                                                                                                                                                                                                                                                                                                                                                                                                                                                                                                                                                                                                                                                                                                                                                                                                                                                                                                                                                                                                                                                                                                                                                                                                                                                                                                                                                                                                                                                                                                                                                                                                                                                                                                                                                                                                                                                                                                                                                                                                                                                                                                                                                                                                                                                                                                                                                                                                                                                                                                                                                                                                                                                                                                                                                                                                                                                                                                                                                                                                                                                                                                                                                                                                                                                                                  [INFO] 18:57:32:909 MemoriaHQ/(4102:4102): reservando memoria ...
[INFO] 18:57:33:943 MemoriaHQ/(4102:4102): Se crea la tabla de paginas de la memoria principal
[INFO] 18:57:33:944 MemoriaHQ/(4102:4102): Se reserva 256 bytes de espacio de memoria
[INFO] 19:33:55:065 MemoriaHQ/(5569:5569): reservando memoria ...
[INFO] 19:33:55:244 MemoriaHQ/(5569:5569): Se reserva 256 bytes de espacio de memoria
[INFO] 19:39:13:361 MemoriaHQ/(5919:5919): reservando memoria ...
[INFO] 19:39:13:534 MemoriaHQ/(5919:5919): Se reserva 256 bytes de espacio de memoria
[INFO] 19:47:35:765 MemoriaHQ/(6193:6193): reservando memoria ...
[INFO] 19:47:35:766 MemoriaHQ/(6193:6193): Se reserva 256 bytes de espacio de memoria
[INFO] 19:48:39:862 MemoriaHQ/(6193:6352): Se crea estructura PCB: id: 1 , puntero_tareas: -1231026896
[INFO] 19:48:39:879 MemoriaHQ/(6193:6352): Se encontr segmento libre: nro: 0 , inicio: 0 , tamanio: 256
[INFO] 19:48:39:879 MemoriaHQ/(6193:6352): Se guarda en la tabla general el segmento nro 0 , inicio 0, tamanio 8
[INFO] 19:48:39:879 MemoriaHQ/(6193:6352): Se crea la tabla de segmentos con PID 1 el segmento nro 0 , inicio 0, tamanio 8
[INFO] 19:48:39:879 MemoriaHQ/(6193:6352): Se guardo la patota 1 en BLOQUE_MEMORIA, su offset fue 0 , tamanio 8
[INFO] 19:48:39:879 MemoriaHQ/(6193:6352): Se inicia el registro de la tarea DESCARGAR_ITINERARIO 0;1;1;1|REGAR_PLANTAS 0;3;3;2|VER_PUBLICIDAD 0;5;5;1|REGAR_PLANTAS 0;7;7;2|IRSE_A_DORMIR 0;9;9;1 de PID 1
[INFO] 19:48:39:880 MemoriaHQ/(6193:6352): Se encontr segmento libre: nro: 1 , inicio: 8 , tamanio: 248
[INFO] 19:48:39:880 MemoriaHQ/(6193:6352): Se guarda en la tabla general el segmento nro 1 , inicio 8, tamanio 118
[INFO] 19:48:39:880 MemoriaHQ/(6193:6352): Se busca tabla segmentos del PID 1
[INFO] 19:48:39:880 MemoriaHQ/(6193:6352): Se guarda en la tabla de segmento de la patota 1, el segmento nro 1 , inicio 8, tamanio 118
[INFO] 19:48:39:880 MemoriaHQ/(6193:6352): Se guardo las tareas DESCARGAR_ITINERARIO 0;1;1;1|REGAR_PLANTAS 0;3;3;2|VER_PUBLICIDAD 0;5;5;1|REGAR_PLANTAS 0;7;7;2|IRSE_A_DORMIR 0;9;9;1 en BLOQUE_MEMORIA, su offset fue 8 , tamanio 118
[INFO] 19:49:41:196 MemoriaHQ/(6400:6400): reservando memoria ...
[INFO] 19:49:42:255 MemoriaHQ/(6400:6400): Se crea la tabla de paginas de la memoria principal
[INFO] 19:49:42:255 MemoriaHQ/(6400:6400): Se reserva 256 bytes de espacio de memoria
[INFO] 19:50:01:353 MemoriaHQ/(6400:6433): Se crea estructura PCB: id: 1 , puntero_tareas: -1231026896
[INFO] 19:50:01:353 MemoriaHQ/(6400:6433): Se crea la tabla de paginas para el proceso 1
[INFO] 19:50:01:353 MemoriaHQ/(6400:6433): Verificar espacio disponible para almacenar 8 bytes
[INFO] 19:50:01:353 MemoriaHQ/(6400:6433): Hay suficientes paginas para guardar el elemento
[INFO] 19:50:01:353 MemoriaHQ/(6400:6433): Se encuentra frame libre nro: 0
[INFO] 19:50:01:353 MemoriaHQ/(6400:6433): Se guardo en memoria el frame 0 ,offset 0 , tamanio 8
[INFO] 19:50:01:365 MemoriaHQ/(6400:6433): Se inicia el registro de la tarea DESCARGAR_ITINERARIO 0;1;1;1|REGAR_PLANTAS 0;3;3;2|VER_PUBLICIDAD 0;5;5;1|REGAR_PLANTAS 0;7;7;2|IRSE_A_DORMIR 0;9;9;1 de PID 1
[INFO] 19:50:01:365 MemoriaHQ/(6400:6433): Verificar espacio disponible para almacenar 118 bytes
[INFO] 19:50:01:365 MemoriaHQ/(6400:6433): Hay suficientes paginas para guardar el elemento
[INFO] 19:50:01:365 MemoriaHQ/(6400:6433): Se encuentra frame libre nro: 1
[INFO] 19:50:01:365 MemoriaHQ/(6400:6433): Se guardo en memoria el frame 1 ,offset 8 , tamanio 118
[INFO] 19:50:01:375 MemoriaHQ/(6400:6433): Se encuentra frame libre nro: 2
[INFO] 19:50:01:375 MemoriaHQ/(6400:6433): Se guardo en memoria el frame 2 ,offset 8 , tamanio 110
[INFO] 19:50:01:386 MemoriaHQ/(6400:6433): Se encuentra frame libre nro: 3
[INFO] 19:50:01:386 MemoriaHQ/(6400:6433): Se guardo en memoria el frame 3 ,offset 8 , tamanio 102
[INFO] 19:50:01:397 MemoriaHQ/(6400:6433): Se encuentra frame libre nro: 4
[INFO] 19:50:01:397 MemoriaHQ/(6400:6433): Se guardo en memoria el frame 4 ,offset 8 , tamanio 94
[INFO] 19:50:01:407 MemoriaHQ/(6400:6433): Se encuentra frame libre nro: 5
[INFO] 19:50:01:407 MemoriaHQ/(6400:6433): Se guardo en memoria el frame 5 ,offset 8 , tamanio 86
[INFO] 19:50:01:418 MemoriaHQ/(6400:6433): Se encuentra frame libre nro: 6
[INFO] 19:50:01:418 MemoriaHQ/(6400:6433): Se guardo en memoria el frame 6 ,offset 8 , tamanio 78
[INFO] 19:50:01:429 MemoriaHQ/(6400:6433): Se encuentra frame libre nro: 7
[INFO] 19:50:01:429 MemoriaHQ/(6400:6433): Se guardo en memoria el frame 7 ,offset 8 , tamanio 70
[INFO] 19:50:01:440 MemoriaHQ/(6400:6433): Se encuentra frame libre nro: 8
[INFO] 19:50:01:440 MemoriaHQ/(6400:6433): Se guardo en memoria el frame 8 ,offset 8 , tamanio 62
[INFO] 19:50:01:450 MemoriaHQ/(6400:6433): Se encuentra frame libre nro: 9
[INFO] 19:50:01:451 MemoriaHQ/(6400:6433): Se guardo en memoria el frame 9 ,offset 8 , tamanio 54
[INFO] 19:50:01:461 MemoriaHQ/(6400:6433): Se encuentra frame libre nro: 10
[INFO] 19:50:01:461 MemoriaHQ/(6400:6433): Se guardo en memoria el frame 10 ,offset 8 , tamanio 46
[INFO] 19:50:01:472 MemoriaHQ/(6400:6433): Se encuentra frame libre nro: 11
[INFO] 19:50:01:472 MemoriaHQ/(6400:6433): Se guardo en memoria el frame 11 ,offset 8 , tamanio 38
[INFO] 19:50:01:482 MemoriaHQ/(6400:6433): Se encuentra frame libre nro: 12
[INFO] 19:50:01:482 MemoriaHQ/(6400:6433): Se guardo en memoria el frame 12 ,offset 8 , tamanio 30
[INFO] 19:50:01:493 MemoriaHQ/(6400:6433): Se encuentra frame libre nro: 13
[INFO] 19:50:01:494 MemoriaHQ/(6400:6433): Se guardo en memoria el frame 13 ,offset 8 , tamanio 22
[INFO] 19:50:01:504 MemoriaHQ/(6400:6433): Se encuentra frame libre nro: 14
[INFO] 19:50:01:504 MemoriaHQ/(6400:6433): Se guardo en memoria el frame 14 ,offset 8 , tamanio 14
[INFO] 19:50:01:514 MemoriaHQ/(6400:6433): Se encuentra frame libre nro: 15
[INFO] 19:50:01:515 MemoriaHQ/(6400:6433): Se guardo en memoria el frame 15 ,offset 120 , tamanio 6
[INFO] 19:50:47:401 MemoriaHQ/(6400:6494): Se crea nuevo TCB: id: 1 , pos_x: 1 , pos_y: 1
[INFO] 19:50:47:401 MemoriaHQ/(6400:6494): Se inicia el registro de tripulante 1 con PID 1
[INFO] 19:50:47:401 MemoriaHQ/(6400:6494): Verificar espacio disponible para almacenar 24 bytes
[INFO] 19:50:47:402 MemoriaHQ/(6400:6494): Hay suficientes paginas para guardar el elemento
[INFO] 19:50:47:402 MemoriaHQ/(6400:6494): Se encuentra frame libre nro: 16
[INFO] 19:50:47:402 MemoriaHQ/(6400:6494): Se guardo en memoria el frame 16 ,offset 8 , tamanio 24
[INFO] 19:50:47:412 MemoriaHQ/(6400:6494): Se encuentra frame libre nro: 17
[INFO] 19:50:47:412 MemoriaHQ/(6400:6494): Se guardo en memoria el frame 17 ,offset 8 , tamanio 16
[INFO] 19:50:47:423 MemoriaHQ/(6400:6494): Se encuentra frame libre nro: 18
[INFO] 19:50:47:424 MemoriaHQ/(6400:6494): Se guardo en memoria el frame 18 ,offset 144 , tamanio 8
[INFO] 19:50:47:434 MemoriaHQ/(6400:6494): tripulante 1 registrado
[INFO] 19:50:47:435 MemoriaHQ/(6400:6494): Se crea nuevo TCB: id: 2 , pos_x: 2 , pos_y: 3
[INFO] 19:50:47:435 MemoriaHQ/(6400:6494): Se inicia el registro de tripulante 2 con PID 1
[INFO] 19:50:47:435 MemoriaHQ/(6400:6494): Verificar espacio disponible para almacenar 24 bytes
[INFO] 19:50:47:435 MemoriaHQ/(6400:6494): Hay suficientes paginas para guardar el elemento
[INFO] 19:50:47:435 MemoriaHQ/(6400:6494): Se encuentra frame libre nro: 19
[INFO] 19:50:47:435 MemoriaHQ/(6400:6494): Se guardo en memoria el frame 19 ,offset 8 , tamanio 24
[INFO] 19:50:47:445 MemoriaHQ/(6400:6494): Se encuentra frame libre nro: 20
[INFO] 19:50:47:445 MemoriaHQ/(6400:6494): Se guardo en memoria el frame 20 ,offset 8 , tamanio 16
[INFO] 19:50:47:456 MemoriaHQ/(6400:6494): Se encuentra frame libre nro: 21
[INFO] 19:50:47:456 MemoriaHQ/(6400:6494): Se guardo en memoria el frame 21 ,offset 168 , tamanio 8
[INFO] 19:50:47:466 MemoriaHQ/(6400:6494): tripulante 2 registrado
[INFO] 19:50:47:466 MemoriaHQ/(6400:6494): Se crea nuevo TCB: id: 3 , pos_x: 0 , pos_y: 0
[INFO] 19:50:47:466 MemoriaHQ/(6400:6494): Se inicia el registro de tripulante 3 con PID 1
[INFO] 19:50:47:467 MemoriaHQ/(6400:6494): Verificar espacio disponible para almacenar 24 bytes
[INFO] 19:50:47:467 MemoriaHQ/(6400:6494): Hay suficientes paginas para guardar el elemento
[INFO] 19:50:47:467 MemoriaHQ/(6400:6494): Se encuentra frame libre nro: 22
[INFO] 19:50:47:467 MemoriaHQ/(6400:6494): Se guardo en memoria el frame 22 ,offset 8 , tamanio 24
[INFO] 19:50:47:477 MemoriaHQ/(6400:6494): Se encuentra frame libre nro: 23
[INFO] 19:50:47:478 MemoriaHQ/(6400:6494): Se guardo en memoria el frame 23 ,offset 8 , tamanio 16
[INFO] 19:50:47:488 MemoriaHQ/(6400:6494): Se encuentra frame libre nro: 24
[INFO] 19:50:47:489 MemoriaHQ/(6400:6494): Se guardo en memoria el frame 24 ,offset 192 , tamanio 8
[INFO] 19:50:47:499 MemoriaHQ/(6400:6494): tripulante 3 registrado
